<?xml version="1.0" encoding="utf-8" standalone="yes"?>
<CoverageSession xmlns:xsd="http://www.w3.org/2001/XMLSchema" xmlns:xsi="http://www.w3.org/2001/XMLSchema-instance">
  <Summary numSequencePoints="139" visitedSequencePoints="0" numBranchPoints="78" visitedBranchPoints="0" sequenceCoverage="0" branchCoverage="0" maxCyclomaticComplexity="9" minCyclomaticComplexity="1" visitedClasses="0" numClasses="25" visitedMethods="0" numMethods="34" minCrapScore="2" maxCrapScore="90" />
  <Modules>
    <Module skippedDueTo="Filter" hash="D0-1D-E3-7D-BE-76-82-7A-D4-12-D5-8F-DD-B3-4D-B0-C6-99-93-3E">
      <ModulePath>/home/alin42/SPbU2023/ImageProcessing/tests/ImageProcessing.Tests/bin/Debug/net7.0/ImageProcessing.Tests.dll</ModulePath>
      <ModuleTime>2023-09-03T13:07:55.2728166Z</ModuleTime>
      <ModuleName>ImageProcessing.Tests</ModuleName>
      <Classes />
    </Module>
    <Module hash="83-6B-1F-DB-15-75-F6-B4-F5-B8-D4-DC-C1-3D-EA-89-E1-D7-8B-27">
      <Summary numSequencePoints="139" visitedSequencePoints="0" numBranchPoints="78" visitedBranchPoints="0" sequenceCoverage="0" branchCoverage="0" maxCyclomaticComplexity="9" minCyclomaticComplexity="1" visitedClasses="0" numClasses="25" visitedMethods="0" numMethods="34" minCrapScore="2" maxCrapScore="90" />
      <ModulePath>/home/alin42/SPbU2023/ImageProcessing/tests/ImageProcessing.Tests/bin/Debug/net7.0/ImageProcessing.dll</ModulePath>
      <ModuleTime>2023-09-03T13:07:54.1008198Z</ModuleTime>
      <ModuleName>ImageProcessing</ModuleName>
      <Files>
        <File uid="1" fullPath="/home/alin42/SPbU2023/ImageProcessing/src/ImageProcessing/Main.fs" />
        <File uid="2" fullPath="/home/alin42/SPbU2023/ImageProcessing/src/ImageProcessing/Streaming.fs" />
        <File uid="3" fullPath="/home/alin42/SPbU2023/ImageProcessing/src/ImageProcessing/ImageProcessing.fs" />
      </Files>
      <Classes>
        <Class>
          <Summary numSequencePoints="10" visitedSequencePoints="0" numBranchPoints="1" visitedBranchPoints="0" sequenceCoverage="0" branchCoverage="0" maxCyclomaticComplexity="1" minCyclomaticComplexity="1" visitedClasses="0" numClasses="1" visitedMethods="0" numMethods="1" minCrapScore="2" maxCrapScore="2" />
          <FullName>ImageProcessing.Main</FullName>
          <Methods>
            <Method visited="false" cyclomaticComplexity="1" nPathComplexity="0" sequenceCoverage="0" branchCoverage="0" isConstructor="false" isStatic="true" isGetter="true" isSetter="false" crapScore="2">
              <Summary numSequencePoints="0" visitedSequencePoints="0" numBranchPoints="0" visitedBranchPoints="0" sequenceCoverage="0" branchCoverage="0" maxCyclomaticComplexity="1" minCyclomaticComplexity="1" visitedClasses="0" numClasses="0" visitedMethods="0" numMethods="0" minCrapScore="2" maxCrapScore="2" />
              <MetadataToken>100663298</MetadataToken>
              <Name>System.String ImageProcessing.Main::get_inputFolder()</Name>
              <SequencePoints />
              <BranchPoints />
              <MethodPoint vc="0" uspid="100663298" ordinal="0" offset="0" />
            </Method>
            <Method visited="false" cyclomaticComplexity="1" nPathComplexity="0" sequenceCoverage="0" branchCoverage="0" isConstructor="false" isStatic="true" isGetter="false" isSetter="false" crapScore="2">
              <Summary numSequencePoints="10" visitedSequencePoints="0" numBranchPoints="1" visitedBranchPoints="0" sequenceCoverage="0" branchCoverage="0" maxCyclomaticComplexity="1" minCyclomaticComplexity="1" visitedClasses="0" numClasses="0" visitedMethods="0" numMethods="1" minCrapScore="2" maxCrapScore="2" />
              <MetadataToken>100663299</MetadataToken>
              <Name>System.Int32 ImageProcessing.Main::main(System.String[])</Name>
              <FileRef uid="1" />
              <SequencePoints>
                <SequencePoint vc="0" uspid="9" ordinal="0" offset="0" sl="15" sc="9" el="15" ec="58" bec="0" bev="0" fileid="1" />
                <SequencePoint vc="0" uspid="8" ordinal="1" offset="20" sl="16" sc="9" el="16" ec="43" bec="0" bev="0" fileid="1" />
                <SequencePoint vc="0" uspid="7" ordinal="2" offset="83" sl="17" sc="9" el="17" ec="40" bec="0" bev="0" fileid="1" />
                <SequencePoint vc="0" uspid="6" ordinal="3" offset="92" sl="18" sc="9" el="18" ec="81" bec="0" bev="0" fileid="1" />
                <SequencePoint vc="0" uspid="5" ordinal="4" offset="101" sl="23" sc="9" el="27" ec="10" bec="0" bev="0" fileid="1" />
                <SequencePoint vc="0" uspid="4" ordinal="5" offset="137" sl="33" sc="9" el="33" ec="64" bec="0" bev="0" fileid="1" />
                <SequencePoint vc="0" uspid="3" ordinal="6" offset="177" sl="34" sc="9" el="34" ec="40" bec="0" bev="0" fileid="1" />
                <SequencePoint vc="0" uspid="2" ordinal="7" offset="184" sl="36" sc="9" el="38" ec="10" bec="0" bev="0" fileid="1" />
                <SequencePoint vc="0" uspid="1" ordinal="8" offset="217" sl="40" sc="9" el="40" ec="83" bec="0" bev="0" fileid="1" />
                <SequencePoint vc="0" uspid="0" ordinal="9" offset="273" sl="41" sc="9" el="41" ec="10" bec="0" bev="0" fileid="1" />
              </SequencePoints>
              <BranchPoints />
              <MethodPoint xsi:type="SequencePoint" vc="0" uspid="9" ordinal="0" offset="0" sl="15" sc="9" el="15" ec="58" bec="0" bev="0" fileid="1" />
            </Method>
          </Methods>
        </Class>
        <Class>
          <Summary numSequencePoints="2" visitedSequencePoints="0" numBranchPoints="1" visitedBranchPoints="0" sequenceCoverage="0" branchCoverage="0" maxCyclomaticComplexity="1" minCyclomaticComplexity="1" visitedClasses="0" numClasses="1" visitedMethods="0" numMethods="1" minCrapScore="2" maxCrapScore="2" />
          <FullName>&lt;StartupCode$ImageProcessing&gt;.$Main</FullName>
          <Methods>
            <Method visited="false" cyclomaticComplexity="1" nPathComplexity="0" sequenceCoverage="0" branchCoverage="0" isConstructor="true" isStatic="true" isGetter="false" isSetter="false" crapScore="2">
              <Summary numSequencePoints="2" visitedSequencePoints="0" numBranchPoints="1" visitedBranchPoints="0" sequenceCoverage="0" branchCoverage="0" maxCyclomaticComplexity="1" minCyclomaticComplexity="1" visitedClasses="0" numClasses="0" visitedMethods="0" numMethods="1" minCrapScore="2" maxCrapScore="2" />
              <MetadataToken>100663300</MetadataToken>
              <Name>System.Void &lt;StartupCode$ImageProcessing&gt;.$Main::.cctor()</Name>
              <FileRef uid="1" />
              <SequencePoints>
                <SequencePoint vc="0" uspid="11" ordinal="0" offset="0" sl="6" sc="5" el="6" ec="46" bec="0" bev="0" fileid="1" />
                <SequencePoint vc="0" uspid="10" ordinal="1" offset="6" sl="7" sc="5" el="7" ec="70" bec="0" bev="0" fileid="1" />
              </SequencePoints>
              <BranchPoints />
              <MethodPoint xsi:type="SequencePoint" vc="0" uspid="11" ordinal="0" offset="0" sl="6" sc="5" el="6" ec="46" bec="0" bev="0" fileid="1" />
            </Method>
          </Methods>
        </Class>
        <Class>
          <Summary numSequencePoints="21" visitedSequencePoints="0" numBranchPoints="10" visitedBranchPoints="0" sequenceCoverage="0" branchCoverage="0" maxCyclomaticComplexity="7" minCyclomaticComplexity="1" visitedClasses="0" numClasses="1" visitedMethods="0" numMethods="4" minCrapScore="2" maxCrapScore="56" />
          <FullName>ImageProcessing.Streaming</FullName>
          <Methods>
            <Method visited="false" cyclomaticComplexity="1" nPathComplexity="0" sequenceCoverage="0" branchCoverage="0" isConstructor="false" isStatic="true" isGetter="false" isSetter="false" crapScore="2">
              <Summary numSequencePoints="2" visitedSequencePoints="0" numBranchPoints="1" visitedBranchPoints="0" sequenceCoverage="0" branchCoverage="0" maxCyclomaticComplexity="1" minCyclomaticComplexity="1" visitedClasses="0" numClasses="0" visitedMethods="0" numMethods="1" minCrapScore="2" maxCrapScore="2" />
              <MetadataToken>100663301</MetadataToken>
              <Name>Microsoft.FSharp.Collections.FSharpList`1&lt;System.String&gt; ImageProcessing.Streaming::listAllFiles(System.String)</Name>
              <FileRef uid="2" />
              <SequencePoints>
                <SequencePoint vc="0" uspid="13" ordinal="0" offset="0" sl="6" sc="5" el="6" ec="49" bec="0" bev="0" fileid="2" />
                <SequencePoint vc="0" uspid="12" ordinal="1" offset="7" sl="7" sc="5" el="7" ec="23" bec="0" bev="0" fileid="2" />
              </SequencePoints>
              <BranchPoints />
              <MethodPoint xsi:type="SequencePoint" vc="0" uspid="13" ordinal="0" offset="0" sl="6" sc="5" el="6" ec="49" bec="0" bev="0" fileid="2" />
            </Method>
            <Method visited="false" cyclomaticComplexity="1" nPathComplexity="0" sequenceCoverage="0" branchCoverage="0" isConstructor="false" isStatic="true" isGetter="false" isSetter="false" crapScore="2">
              <Summary numSequencePoints="1" visitedSequencePoints="0" numBranchPoints="1" visitedBranchPoints="0" sequenceCoverage="0" branchCoverage="0" maxCyclomaticComplexity="1" minCyclomaticComplexity="1" visitedClasses="0" numClasses="0" visitedMethods="0" numMethods="1" minCrapScore="2" maxCrapScore="2" />
              <MetadataToken>100663302</MetadataToken>
              <Name>Microsoft.FSharp.Control.FSharpMailboxProcessor`1&lt;ImageProcessing.Streaming/msg&gt; ImageProcessing.Streaming::imgSaver(System.String)</Name>
              <FileRef uid="2" />
              <SequencePoints>
                <SequencePoint vc="0" uspid="14" ordinal="0" offset="7" sl="16" sc="5" el="31" ec="6" bec="0" bev="0" fileid="2" />
              </SequencePoints>
              <BranchPoints />
              <MethodPoint xsi:type="SequencePoint" vc="0" uspid="14" ordinal="0" offset="7" sl="16" sc="5" el="31" ec="6" bec="0" bev="0" fileid="2" />
            </Method>
            <Method visited="false" cyclomaticComplexity="1" nPathComplexity="0" sequenceCoverage="0" branchCoverage="0" isConstructor="false" isStatic="true" isGetter="false" isSetter="false" crapScore="2">
              <Summary numSequencePoints="2" visitedSequencePoints="0" numBranchPoints="1" visitedBranchPoints="0" sequenceCoverage="0" branchCoverage="0" maxCyclomaticComplexity="1" minCyclomaticComplexity="1" visitedClasses="0" numClasses="0" visitedMethods="0" numMethods="1" minCrapScore="2" maxCrapScore="2" />
              <MetadataToken>100663303</MetadataToken>
              <Name>Microsoft.FSharp.Control.FSharpMailboxProcessor`1&lt;ImageProcessing.Streaming/msg&gt; ImageProcessing.Streaming::imgProcessor(Microsoft.FSharp.Core.FSharpFunc`2&lt;ImageProcessing.ImageProcessing/Image,ImageProcessing.ImageProcessing/Image&gt;,Microsoft.FSharp.Control.FSharpMailboxProcessor`1&lt;ImageProcessing.Streaming/msg&gt;)</Name>
              <FileRef uid="2" />
              <SequencePoints>
                <SequencePoint vc="0" uspid="16" ordinal="0" offset="0" sl="34" sc="5" el="34" ec="34" bec="0" bev="0" fileid="2" />
                <SequencePoint vc="0" uspid="15" ordinal="1" offset="2" sl="36" sc="5" el="54" ec="6" bec="0" bev="0" fileid="2" />
              </SequencePoints>
              <BranchPoints />
              <MethodPoint xsi:type="SequencePoint" vc="0" uspid="16" ordinal="0" offset="0" sl="34" sc="5" el="34" ec="34" bec="0" bev="0" fileid="2" />
            </Method>
            <Method visited="false" cyclomaticComplexity="7" nPathComplexity="8" sequenceCoverage="0" branchCoverage="0" isConstructor="false" isStatic="true" isGetter="false" isSetter="false" crapScore="56">
              <Summary numSequencePoints="16" visitedSequencePoints="0" numBranchPoints="7" visitedBranchPoints="0" sequenceCoverage="0" branchCoverage="0" maxCyclomaticComplexity="7" minCyclomaticComplexity="7" visitedClasses="0" numClasses="0" visitedMethods="0" numMethods="1" minCrapScore="56" maxCrapScore="56" />
              <MetadataToken>100663304</MetadataToken>
              <Name>System.Void ImageProcessing.Streaming::processAllFiles(System.String,System.String,Microsoft.FSharp.Collections.FSharpList`1&lt;Microsoft.FSharp.Core.FSharpFunc`2&lt;ImageProcessing.ImageProcessing/Image,ImageProcessing.ImageProcessing/Image&gt;&gt;)</Name>
              <FileRef uid="2" />
              <SequencePoints>
                <SequencePoint vc="0" uspid="32" ordinal="0" offset="0" sl="57" sc="5" el="57" ec="24" bec="0" bev="0" fileid="2" />
                <SequencePoint vc="0" uspid="31" ordinal="1" offset="2" sl="60" sc="9" el="60" ec="26" bec="0" bev="0" fileid="2" />
                <SequencePoint vc="0" uspid="30" ordinal="2" offset="4" sl="61" sc="12" el="64" ec="10" bec="0" bev="0" fileid="2" />
                <SequencePoint vc="0" uspid="29" ordinal="3" offset="17" sl="65" sc="12" el="65" ec="24" bec="0" bev="0" fileid="2" />
                <SequencePoint vc="0" uspid="28" ordinal="4" offset="24" sl="67" sc="5" el="67" ec="44" bec="0" bev="0" fileid="2" />
                <SequencePoint vc="0" uspid="27" ordinal="5" offset="32" sl="69" sc="5" el="69" ec="8" bec="0" bev="0" fileid="2" />
                <SequencePoint vc="0" uspid="26" ordinal="6" offset="59" sl="71" sc="9" el="72" ec="41" bec="0" bev="0" fileid="2" />
                <SequencePoint vc="0" uspid="25" ordinal="7" offset="60" sl="71" sc="10" el="71" ec="23" bec="0" bev="0" fileid="2" />
                <SequencePoint vc="0" uspid="24" ordinal="8" offset="63" sl="71" sc="27" el="71" ec="70" bec="0" bev="0" fileid="2" />
                <SequencePoint vc="0" uspid="23" ordinal="9" offset="120" sl="71" sc="49" el="71" ec="69" bec="0" bev="0" fileid="2" />
                <SequencePoint vc="0" uspid="22" ordinal="10" offset="149" sl="71" sc="49" el="71" ec="69" bec="2" bev="0" fileid="2" />
                <SequencePoint vc="0" uspid="21" ordinal="11" offset="210" sl="74" sc="9" el="74" ec="23" bec="0" bev="0" fileid="2" />
                <SequencePoint vc="0" uspid="20" ordinal="12" offset="227" sl="69" sc="14" el="69" ec="16" bec="2" bev="0" fileid="2" />
                <SequencePoint vc="0" uspid="19" ordinal="13" offset="234" sl="76" sc="5" el="76" ec="8" bec="0" bev="0" fileid="2" />
                <SequencePoint vc="0" uspid="18" ordinal="14" offset="253" sl="77" sc="9" el="77" ec="38" bec="0" bev="0" fileid="2" />
                <SequencePoint vc="0" uspid="17" ordinal="15" offset="273" sl="76" sc="22" el="76" ec="24" bec="2" bev="0" fileid="2" />
              </SequencePoints>
              <BranchPoints>
                <BranchPoint vc="0" uspid="0" ordinal="0" offset="188" sl="71" path="0" offsetend="190" fileid="2" />
                <BranchPoint vc="0" uspid="1" ordinal="1" offset="188" sl="71" path="1" offsetend="134" fileid="2" />
                <BranchPoint vc="0" uspid="2" ordinal="2" offset="229" sl="69" path="0" offsetend="234" fileid="2" />
                <BranchPoint vc="0" uspid="3" ordinal="3" offset="229" sl="69" path="1" offsetend="50" fileid="2" />
                <BranchPoint vc="0" uspid="4" ordinal="4" offset="279" sl="76" path="0" offsetend="281" fileid="2" />
                <BranchPoint vc="0" uspid="5" ordinal="5" offset="279" sl="76" path="1" offsetend="242" fileid="2" />
              </BranchPoints>
              <MethodPoint xsi:type="SequencePoint" vc="0" uspid="32" ordinal="0" offset="0" sl="57" sc="5" el="57" ec="24" bec="0" bev="0" fileid="2" />
            </Method>
          </Methods>
        </Class>
        <Class>
          <Summary numSequencePoints="1" visitedSequencePoints="0" numBranchPoints="1" visitedBranchPoints="0" sequenceCoverage="0" branchCoverage="0" maxCyclomaticComplexity="1" minCyclomaticComplexity="1" visitedClasses="0" numClasses="1" visitedMethods="0" numMethods="1" minCrapScore="2" maxCrapScore="2" />
          <FullName>ImageProcessing.Streaming/outFile@14</FullName>
          <Methods>
            <Method visited="false" cyclomaticComplexity="1" nPathComplexity="0" sequenceCoverage="0" branchCoverage="0" isConstructor="false" isStatic="false" isGetter="false" isSetter="false" crapScore="2">
              <Summary numSequencePoints="1" visitedSequencePoints="0" numBranchPoints="1" visitedBranchPoints="0" sequenceCoverage="0" branchCoverage="0" maxCyclomaticComplexity="1" minCyclomaticComplexity="1" visitedClasses="0" numClasses="0" visitedMethods="0" numMethods="1" minCrapScore="2" maxCrapScore="2" />
              <MetadataToken>100663327</MetadataToken>
              <Name>System.String ImageProcessing.Streaming/outFile@14::Invoke(System.String)</Name>
              <FileRef uid="2" />
              <SequencePoints>
                <SequencePoint vc="0" uspid="33" ordinal="0" offset="0" sl="14" sc="37" el="14" ec="76" bec="0" bev="0" fileid="2" />
              </SequencePoints>
              <BranchPoints />
              <MethodPoint xsi:type="SequencePoint" vc="0" uspid="33" ordinal="0" offset="0" sl="14" sc="37" el="14" ec="76" bec="0" bev="0" fileid="2" />
            </Method>
          </Methods>
        </Class>
        <Class>
          <Summary numSequencePoints="6" visitedSequencePoints="0" numBranchPoints="3" visitedBranchPoints="0" sequenceCoverage="0" branchCoverage="0" maxCyclomaticComplexity="2" minCyclomaticComplexity="1" visitedClasses="0" numClasses="1" visitedMethods="0" numMethods="1" minCrapScore="6" maxCrapScore="6" />
          <FullName>ImageProcessing.Streaming/loop@20-2</FullName>
          <Methods>
            <Method visited="false" cyclomaticComplexity="2" nPathComplexity="2" sequenceCoverage="0" branchCoverage="0" isConstructor="false" isStatic="false" isGetter="false" isSetter="false" crapScore="6">
              <Summary numSequencePoints="6" visitedSequencePoints="0" numBranchPoints="3" visitedBranchPoints="0" sequenceCoverage="0" branchCoverage="0" maxCyclomaticComplexity="2" minCyclomaticComplexity="2" visitedClasses="0" numClasses="0" visitedMethods="0" numMethods="1" minCrapScore="6" maxCrapScore="6" />
              <MetadataToken>100663329</MetadataToken>
              <Name>Microsoft.FSharp.Control.FSharpAsync`1&lt;Microsoft.FSharp.Core.Unit&gt; ImageProcessing.Streaming/loop@20-2::Invoke(ImageProcessing.Streaming/msg)</Name>
              <FileRef uid="2" />
              <SequencePoints>
                <SequencePoint vc="0" uspid="39" ordinal="0" offset="2" sl="20" sc="13" el="20" ec="27" bec="2" bev="0" fileid="2" />
                <SequencePoint vc="0" uspid="38" ordinal="1" offset="28" sl="22" sc="17" el="22" ec="51" bec="0" bev="0" fileid="2" />
                <SequencePoint vc="0" uspid="37" ordinal="2" offset="44" sl="23" sc="17" el="23" ec="27" bec="0" bev="0" fileid="2" />
                <SequencePoint vc="0" uspid="36" ordinal="3" offset="81" sl="25" sc="17" el="25" ec="46" bec="0" bev="0" fileid="2" />
                <SequencePoint vc="0" uspid="35" ordinal="4" offset="145" sl="26" sc="17" el="26" ec="49" bec="0" bev="0" fileid="2" />
                <SequencePoint vc="0" uspid="34" ordinal="5" offset="171" sl="27" sc="17" el="27" ec="32" bec="0" bev="0" fileid="2" />
              </SequencePoints>
              <BranchPoints>
                <BranchPoint vc="0" uspid="6" ordinal="0" offset="10" sl="20" path="0" offsetchain="12" offsetend="64" fileid="2" />
                <BranchPoint vc="0" uspid="7" ordinal="1" offset="10" sl="20" path="1" offsetend="14" fileid="2" />
              </BranchPoints>
              <MethodPoint xsi:type="SequencePoint" vc="0" uspid="39" ordinal="0" offset="2" sl="20" sc="13" el="20" ec="27" bec="2" bev="0" fileid="2" />
            </Method>
          </Methods>
        </Class>
        <Class>
          <Summary numSequencePoints="0" visitedSequencePoints="0" numBranchPoints="0" visitedBranchPoints="0" sequenceCoverage="0" branchCoverage="0" maxCyclomaticComplexity="0" minCyclomaticComplexity="0" visitedClasses="0" numClasses="0" visitedMethods="0" numMethods="0" minCrapScore="0" maxCrapScore="0" />
          <FullName>ImageProcessing.Streaming/loop@18-3</FullName>
          <Methods>
            <Method visited="false" cyclomaticComplexity="1" nPathComplexity="0" sequenceCoverage="0" branchCoverage="0" isConstructor="false" isStatic="false" isGetter="false" isSetter="false" crapScore="2">
              <Summary numSequencePoints="0" visitedSequencePoints="0" numBranchPoints="0" visitedBranchPoints="0" sequenceCoverage="0" branchCoverage="0" maxCyclomaticComplexity="1" minCyclomaticComplexity="1" visitedClasses="0" numClasses="0" visitedMethods="0" numMethods="0" minCrapScore="2" maxCrapScore="2" />
              <MetadataToken>100663331</MetadataToken>
              <Name>Microsoft.FSharp.Control.AsyncReturn ImageProcessing.Streaming/loop@18-3::Invoke(Microsoft.FSharp.Control.AsyncActivation`1&lt;Microsoft.FSharp.Core.Unit&gt;)</Name>
              <SequencePoints />
              <BranchPoints />
              <MethodPoint vc="0" uspid="100663331" ordinal="0" offset="0" />
            </Method>
          </Methods>
        </Class>
        <Class>
          <Summary numSequencePoints="1" visitedSequencePoints="0" numBranchPoints="1" visitedBranchPoints="0" sequenceCoverage="0" branchCoverage="0" maxCyclomaticComplexity="1" minCyclomaticComplexity="1" visitedClasses="0" numClasses="1" visitedMethods="0" numMethods="1" minCrapScore="2" maxCrapScore="2" />
          <FullName>ImageProcessing.Streaming/loop@18-1</FullName>
          <Methods>
            <Method visited="false" cyclomaticComplexity="1" nPathComplexity="0" sequenceCoverage="0" branchCoverage="0" isConstructor="false" isStatic="false" isGetter="false" isSetter="false" crapScore="2">
              <Summary numSequencePoints="1" visitedSequencePoints="0" numBranchPoints="1" visitedBranchPoints="0" sequenceCoverage="0" branchCoverage="0" maxCyclomaticComplexity="1" minCyclomaticComplexity="1" visitedClasses="0" numClasses="0" visitedMethods="0" numMethods="1" minCrapScore="2" maxCrapScore="2" />
              <MetadataToken>100663333</MetadataToken>
              <Name>Microsoft.FSharp.Control.FSharpAsync`1&lt;Microsoft.FSharp.Core.Unit&gt; ImageProcessing.Streaming/loop@18-1::Invoke(Microsoft.FSharp.Core.Unit)</Name>
              <FileRef uid="2" />
              <SequencePoints>
                <SequencePoint vc="0" uspid="40" ordinal="0" offset="0" sl="18" sc="13" el="18" ec="39" bec="0" bev="0" fileid="2" />
              </SequencePoints>
              <BranchPoints />
              <MethodPoint xsi:type="SequencePoint" vc="0" uspid="40" ordinal="0" offset="0" sl="18" sc="13" el="18" ec="39" bec="0" bev="0" fileid="2" />
            </Method>
          </Methods>
        </Class>
        <Class>
          <Summary numSequencePoints="1" visitedSequencePoints="0" numBranchPoints="1" visitedBranchPoints="0" sequenceCoverage="0" branchCoverage="0" maxCyclomaticComplexity="1" minCyclomaticComplexity="1" visitedClasses="0" numClasses="1" visitedMethods="0" numMethods="1" minCrapScore="2" maxCrapScore="2" />
          <FullName>ImageProcessing.Streaming/loop@17</FullName>
          <Methods>
            <Method visited="false" cyclomaticComplexity="1" nPathComplexity="0" sequenceCoverage="0" branchCoverage="0" isConstructor="false" isStatic="false" isGetter="false" isSetter="false" crapScore="2">
              <Summary numSequencePoints="1" visitedSequencePoints="0" numBranchPoints="1" visitedBranchPoints="0" sequenceCoverage="0" branchCoverage="0" maxCyclomaticComplexity="1" minCyclomaticComplexity="1" visitedClasses="0" numClasses="0" visitedMethods="0" numMethods="1" minCrapScore="2" maxCrapScore="2" />
              <MetadataToken>100663335</MetadataToken>
              <Name>Microsoft.FSharp.Control.FSharpAsync`1&lt;Microsoft.FSharp.Core.Unit&gt; ImageProcessing.Streaming/loop@17::Invoke(Microsoft.FSharp.Core.Unit)</Name>
              <FileRef uid="2" />
              <SequencePoints>
                <SequencePoint vc="0" uspid="41" ordinal="0" offset="0" sl="17" sc="27" el="17" ec="32" bec="0" bev="0" fileid="2" />
              </SequencePoints>
              <BranchPoints />
              <MethodPoint xsi:type="SequencePoint" vc="0" uspid="41" ordinal="0" offset="0" sl="17" sc="27" el="17" ec="32" bec="0" bev="0" fileid="2" />
            </Method>
          </Methods>
        </Class>
        <Class>
          <Summary numSequencePoints="1" visitedSequencePoints="0" numBranchPoints="1" visitedBranchPoints="0" sequenceCoverage="0" branchCoverage="0" maxCyclomaticComplexity="1" minCyclomaticComplexity="1" visitedClasses="0" numClasses="1" visitedMethods="0" numMethods="1" minCrapScore="2" maxCrapScore="2" />
          <FullName>ImageProcessing.Streaming/imgSaver@16</FullName>
          <Methods>
            <Method visited="false" cyclomaticComplexity="1" nPathComplexity="0" sequenceCoverage="0" branchCoverage="0" isConstructor="false" isStatic="false" isGetter="false" isSetter="false" crapScore="2">
              <Summary numSequencePoints="1" visitedSequencePoints="0" numBranchPoints="1" visitedBranchPoints="0" sequenceCoverage="0" branchCoverage="0" maxCyclomaticComplexity="1" minCyclomaticComplexity="1" visitedClasses="0" numClasses="0" visitedMethods="0" numMethods="1" minCrapScore="2" maxCrapScore="2" />
              <MetadataToken>100663337</MetadataToken>
              <Name>Microsoft.FSharp.Control.FSharpAsync`1&lt;Microsoft.FSharp.Core.Unit&gt; ImageProcessing.Streaming/imgSaver@16::Invoke(Microsoft.FSharp.Control.FSharpMailboxProcessor`1&lt;ImageProcessing.Streaming/msg&gt;)</Name>
              <FileRef uid="2" />
              <SequencePoints>
                <SequencePoint vc="0" uspid="42" ordinal="0" offset="13" sl="30" sc="9" el="30" ec="16" bec="0" bev="0" fileid="2" />
              </SequencePoints>
              <BranchPoints />
              <MethodPoint xsi:type="SequencePoint" vc="0" uspid="42" ordinal="0" offset="13" sl="30" sc="9" el="30" ec="16" bec="0" bev="0" fileid="2" />
            </Method>
          </Methods>
        </Class>
        <Class>
          <Summary numSequencePoints="0" visitedSequencePoints="0" numBranchPoints="0" visitedBranchPoints="0" sequenceCoverage="0" branchCoverage="0" maxCyclomaticComplexity="0" minCyclomaticComplexity="0" visitedClasses="0" numClasses="0" visitedMethods="0" numMethods="0" minCrapScore="0" maxCrapScore="0" />
          <FullName>ImageProcessing.Streaming/loop@43-7</FullName>
          <Methods>
            <Method visited="false" cyclomaticComplexity="1" nPathComplexity="0" sequenceCoverage="0" branchCoverage="0" isConstructor="false" isStatic="false" isGetter="false" isSetter="false" crapScore="2">
              <Summary numSequencePoints="0" visitedSequencePoints="0" numBranchPoints="0" visitedBranchPoints="0" sequenceCoverage="0" branchCoverage="0" maxCyclomaticComplexity="1" minCyclomaticComplexity="1" visitedClasses="0" numClasses="0" visitedMethods="0" numMethods="0" minCrapScore="2" maxCrapScore="2" />
              <MetadataToken>100663339</MetadataToken>
              <Name>ImageProcessing.Streaming/msg ImageProcessing.Streaming/loop@43-7::Invoke(Microsoft.FSharp.Control.FSharpAsyncReplyChannel`1&lt;Microsoft.FSharp.Core.Unit&gt;)</Name>
              <SequencePoints />
              <BranchPoints />
              <MethodPoint vc="0" uspid="100663339" ordinal="0" offset="0" />
            </Method>
            <Method visited="false" cyclomaticComplexity="1" nPathComplexity="0" sequenceCoverage="0" branchCoverage="0" isConstructor="true" isStatic="true" isGetter="false" isSetter="false" crapScore="2">
              <Summary numSequencePoints="0" visitedSequencePoints="0" numBranchPoints="0" visitedBranchPoints="0" sequenceCoverage="0" branchCoverage="0" maxCyclomaticComplexity="1" minCyclomaticComplexity="1" visitedClasses="0" numClasses="0" visitedMethods="0" numMethods="0" minCrapScore="2" maxCrapScore="2" />
              <MetadataToken>100663340</MetadataToken>
              <Name>System.Void ImageProcessing.Streaming/loop@43-7::.cctor()</Name>
              <SequencePoints />
              <BranchPoints />
              <MethodPoint vc="0" uspid="100663340" ordinal="0" offset="0" />
            </Method>
          </Methods>
        </Class>
        <Class>
          <Summary numSequencePoints="9" visitedSequencePoints="0" numBranchPoints="3" visitedBranchPoints="0" sequenceCoverage="0" branchCoverage="0" maxCyclomaticComplexity="2" minCyclomaticComplexity="1" visitedClasses="0" numClasses="1" visitedMethods="0" numMethods="1" minCrapScore="6" maxCrapScore="6" />
          <FullName>ImageProcessing.Streaming/loop@40-6</FullName>
          <Methods>
            <Method visited="false" cyclomaticComplexity="2" nPathComplexity="2" sequenceCoverage="0" branchCoverage="0" isConstructor="false" isStatic="false" isGetter="false" isSetter="false" crapScore="6">
              <Summary numSequencePoints="9" visitedSequencePoints="0" numBranchPoints="3" visitedBranchPoints="0" sequenceCoverage="0" branchCoverage="0" maxCyclomaticComplexity="2" minCyclomaticComplexity="2" visitedClasses="0" numClasses="0" visitedMethods="0" numMethods="1" minCrapScore="6" maxCrapScore="6" />
              <MetadataToken>100663342</MetadataToken>
              <Name>Microsoft.FSharp.Control.FSharpAsync`1&lt;Microsoft.FSharp.Core.Unit&gt; ImageProcessing.Streaming/loop@40-6::Invoke(ImageProcessing.Streaming/msg)</Name>
              <FileRef uid="2" />
              <SequencePoints>
                <SequencePoint vc="0" uspid="51" ordinal="0" offset="2" sl="40" sc="13" el="40" ec="27" bec="2" bev="0" fileid="2" />
                <SequencePoint vc="0" uspid="50" ordinal="1" offset="28" sl="42" sc="17" el="42" ec="62" bec="0" bev="0" fileid="2" />
                <SequencePoint vc="0" uspid="49" ordinal="2" offset="44" sl="43" sc="17" el="43" ec="42" bec="0" bev="0" fileid="2" />
                <SequencePoint vc="0" uspid="48" ordinal="3" offset="62" sl="44" sc="17" el="44" ec="55" bec="0" bev="0" fileid="2" />
                <SequencePoint vc="0" uspid="47" ordinal="4" offset="78" sl="45" sc="17" el="45" ec="27" bec="0" bev="0" fileid="2" />
                <SequencePoint vc="0" uspid="46" ordinal="5" offset="115" sl="47" sc="17" el="47" ec="48" bec="0" bev="0" fileid="2" />
                <SequencePoint vc="0" uspid="45" ordinal="6" offset="179" sl="48" sc="17" el="48" ec="42" bec="0" bev="0" fileid="2" />
                <SequencePoint vc="0" uspid="44" ordinal="7" offset="194" sl="49" sc="17" el="49" ec="44" bec="0" bev="0" fileid="2" />
                <SequencePoint vc="0" uspid="43" ordinal="8" offset="213" sl="50" sc="17" el="50" ec="39" bec="0" bev="0" fileid="2" />
              </SequencePoints>
              <BranchPoints>
                <BranchPoint vc="0" uspid="8" ordinal="0" offset="10" sl="40" path="0" offsetchain="12" offsetend="98" fileid="2" />
                <BranchPoint vc="0" uspid="9" ordinal="1" offset="10" sl="40" path="1" offsetend="14" fileid="2" />
              </BranchPoints>
              <MethodPoint xsi:type="SequencePoint" vc="0" uspid="51" ordinal="0" offset="2" sl="40" sc="13" el="40" ec="27" bec="2" bev="0" fileid="2" />
            </Method>
          </Methods>
        </Class>
        <Class>
          <Summary numSequencePoints="0" visitedSequencePoints="0" numBranchPoints="0" visitedBranchPoints="0" sequenceCoverage="0" branchCoverage="0" maxCyclomaticComplexity="0" minCyclomaticComplexity="0" visitedClasses="0" numClasses="0" visitedMethods="0" numMethods="0" minCrapScore="0" maxCrapScore="0" />
          <FullName>ImageProcessing.Streaming/loop@38-8</FullName>
          <Methods>
            <Method visited="false" cyclomaticComplexity="1" nPathComplexity="0" sequenceCoverage="0" branchCoverage="0" isConstructor="false" isStatic="false" isGetter="false" isSetter="false" crapScore="2">
              <Summary numSequencePoints="0" visitedSequencePoints="0" numBranchPoints="0" visitedBranchPoints="0" sequenceCoverage="0" branchCoverage="0" maxCyclomaticComplexity="1" minCyclomaticComplexity="1" visitedClasses="0" numClasses="0" visitedMethods="0" numMethods="0" minCrapScore="2" maxCrapScore="2" />
              <MetadataToken>100663344</MetadataToken>
              <Name>Microsoft.FSharp.Control.AsyncReturn ImageProcessing.Streaming/loop@38-8::Invoke(Microsoft.FSharp.Control.AsyncActivation`1&lt;Microsoft.FSharp.Core.Unit&gt;)</Name>
              <SequencePoints />
              <BranchPoints />
              <MethodPoint vc="0" uspid="100663344" ordinal="0" offset="0" />
            </Method>
          </Methods>
        </Class>
        <Class>
          <Summary numSequencePoints="1" visitedSequencePoints="0" numBranchPoints="1" visitedBranchPoints="0" sequenceCoverage="0" branchCoverage="0" maxCyclomaticComplexity="1" minCyclomaticComplexity="1" visitedClasses="0" numClasses="1" visitedMethods="0" numMethods="1" minCrapScore="2" maxCrapScore="2" />
          <FullName>ImageProcessing.Streaming/loop@38-5</FullName>
          <Methods>
            <Method visited="false" cyclomaticComplexity="1" nPathComplexity="0" sequenceCoverage="0" branchCoverage="0" isConstructor="false" isStatic="false" isGetter="false" isSetter="false" crapScore="2">
              <Summary numSequencePoints="1" visitedSequencePoints="0" numBranchPoints="1" visitedBranchPoints="0" sequenceCoverage="0" branchCoverage="0" maxCyclomaticComplexity="1" minCyclomaticComplexity="1" visitedClasses="0" numClasses="0" visitedMethods="0" numMethods="1" minCrapScore="2" maxCrapScore="2" />
              <MetadataToken>100663346</MetadataToken>
              <Name>Microsoft.FSharp.Control.FSharpAsync`1&lt;Microsoft.FSharp.Core.Unit&gt; ImageProcessing.Streaming/loop@38-5::Invoke(Microsoft.FSharp.Core.Unit)</Name>
              <FileRef uid="2" />
              <SequencePoints>
                <SequencePoint vc="0" uspid="52" ordinal="0" offset="0" sl="38" sc="13" el="38" ec="39" bec="0" bev="0" fileid="2" />
              </SequencePoints>
              <BranchPoints />
              <MethodPoint xsi:type="SequencePoint" vc="0" uspid="52" ordinal="0" offset="0" sl="38" sc="13" el="38" ec="39" bec="0" bev="0" fileid="2" />
            </Method>
          </Methods>
        </Class>
        <Class>
          <Summary numSequencePoints="1" visitedSequencePoints="0" numBranchPoints="1" visitedBranchPoints="0" sequenceCoverage="0" branchCoverage="0" maxCyclomaticComplexity="1" minCyclomaticComplexity="1" visitedClasses="0" numClasses="1" visitedMethods="0" numMethods="1" minCrapScore="2" maxCrapScore="2" />
          <FullName>ImageProcessing.Streaming/loop@37-4</FullName>
          <Methods>
            <Method visited="false" cyclomaticComplexity="1" nPathComplexity="0" sequenceCoverage="0" branchCoverage="0" isConstructor="false" isStatic="false" isGetter="false" isSetter="false" crapScore="2">
              <Summary numSequencePoints="1" visitedSequencePoints="0" numBranchPoints="1" visitedBranchPoints="0" sequenceCoverage="0" branchCoverage="0" maxCyclomaticComplexity="1" minCyclomaticComplexity="1" visitedClasses="0" numClasses="0" visitedMethods="0" numMethods="1" minCrapScore="2" maxCrapScore="2" />
              <MetadataToken>100663348</MetadataToken>
              <Name>Microsoft.FSharp.Control.FSharpAsync`1&lt;Microsoft.FSharp.Core.Unit&gt; ImageProcessing.Streaming/loop@37-4::Invoke(System.Boolean)</Name>
              <FileRef uid="2" />
              <SequencePoints>
                <SequencePoint vc="0" uspid="53" ordinal="0" offset="0" sl="37" sc="28" el="37" ec="33" bec="0" bev="0" fileid="2" />
              </SequencePoints>
              <BranchPoints />
              <MethodPoint xsi:type="SequencePoint" vc="0" uspid="53" ordinal="0" offset="0" sl="37" sc="28" el="37" ec="33" bec="0" bev="0" fileid="2" />
            </Method>
          </Methods>
        </Class>
        <Class>
          <Summary numSequencePoints="1" visitedSequencePoints="0" numBranchPoints="1" visitedBranchPoints="0" sequenceCoverage="0" branchCoverage="0" maxCyclomaticComplexity="1" minCyclomaticComplexity="1" visitedClasses="0" numClasses="1" visitedMethods="0" numMethods="1" minCrapScore="2" maxCrapScore="2" />
          <FullName>ImageProcessing.Streaming/imgProcessor@36</FullName>
          <Methods>
            <Method visited="false" cyclomaticComplexity="1" nPathComplexity="0" sequenceCoverage="0" branchCoverage="0" isConstructor="false" isStatic="false" isGetter="false" isSetter="false" crapScore="2">
              <Summary numSequencePoints="1" visitedSequencePoints="0" numBranchPoints="1" visitedBranchPoints="0" sequenceCoverage="0" branchCoverage="0" maxCyclomaticComplexity="1" minCyclomaticComplexity="1" visitedClasses="0" numClasses="0" visitedMethods="0" numMethods="1" minCrapScore="2" maxCrapScore="2" />
              <MetadataToken>100663350</MetadataToken>
              <Name>Microsoft.FSharp.Control.FSharpAsync`1&lt;Microsoft.FSharp.Core.Unit&gt; ImageProcessing.Streaming/imgProcessor@36::Invoke(Microsoft.FSharp.Control.FSharpMailboxProcessor`1&lt;ImageProcessing.Streaming/msg&gt;)</Name>
              <FileRef uid="2" />
              <SequencePoints>
                <SequencePoint vc="0" uspid="54" ordinal="0" offset="19" sl="53" sc="9" el="53" ec="18" bec="0" bev="0" fileid="2" />
              </SequencePoints>
              <BranchPoints />
              <MethodPoint xsi:type="SequencePoint" vc="0" uspid="54" ordinal="0" offset="19" sl="53" sc="9" el="53" ec="18" bec="0" bev="0" fileid="2" />
            </Method>
          </Methods>
        </Class>
        <Class>
          <Summary numSequencePoints="2" visitedSequencePoints="0" numBranchPoints="1" visitedBranchPoints="0" sequenceCoverage="0" branchCoverage="0" maxCyclomaticComplexity="1" minCyclomaticComplexity="1" visitedClasses="0" numClasses="1" visitedMethods="0" numMethods="1" minCrapScore="2" maxCrapScore="2" />
          <FullName>ImageProcessing.Streaming/Pipe #1 stage #1 at line 61@61</FullName>
          <Methods>
            <Method visited="false" cyclomaticComplexity="1" nPathComplexity="0" sequenceCoverage="0" branchCoverage="0" isConstructor="false" isStatic="false" isGetter="false" isSetter="false" crapScore="2">
              <Summary numSequencePoints="2" visitedSequencePoints="0" numBranchPoints="1" visitedBranchPoints="0" sequenceCoverage="0" branchCoverage="0" maxCyclomaticComplexity="1" minCyclomaticComplexity="1" visitedClasses="0" numClasses="0" visitedMethods="0" numMethods="1" minCrapScore="2" maxCrapScore="2" />
              <MetadataToken>100663352</MetadataToken>
              <Name>Microsoft.FSharp.Control.FSharpMailboxProcessor`1&lt;ImageProcessing.Streaming/msg&gt; ImageProcessing.Streaming/Pipe #1 stage #1 at line 61@61::Invoke(Microsoft.FSharp.Core.FSharpFunc`2&lt;ImageProcessing.ImageProcessing/Image,ImageProcessing.ImageProcessing/Image&gt;)</Name>
              <FileRef uid="2" />
              <SequencePoints>
                <SequencePoint vc="0" uspid="56" ordinal="0" offset="0" sl="62" sc="13" el="62" ec="43" bec="0" bev="0" fileid="2" />
                <SequencePoint vc="0" uspid="55" ordinal="1" offset="12" sl="63" sc="13" el="63" ec="36" bec="0" bev="0" fileid="2" />
              </SequencePoints>
              <BranchPoints />
              <MethodPoint xsi:type="SequencePoint" vc="0" uspid="56" ordinal="0" offset="0" sl="62" sc="13" el="62" ec="43" bec="0" bev="0" fileid="2" />
            </Method>
          </Methods>
        </Class>
        <Class>
          <Summary numSequencePoints="0" visitedSequencePoints="0" numBranchPoints="0" visitedBranchPoints="0" sequenceCoverage="0" branchCoverage="0" maxCyclomaticComplexity="0" minCyclomaticComplexity="0" visitedClasses="0" numClasses="0" visitedMethods="0" numMethods="0" minCrapScore="0" maxCrapScore="0" />
          <FullName>ImageProcessing.Streaming/processAllFiles@77</FullName>
          <Methods>
            <Method visited="false" cyclomaticComplexity="1" nPathComplexity="0" sequenceCoverage="0" branchCoverage="0" isConstructor="false" isStatic="false" isGetter="false" isSetter="false" crapScore="2">
              <Summary numSequencePoints="0" visitedSequencePoints="0" numBranchPoints="0" visitedBranchPoints="0" sequenceCoverage="0" branchCoverage="0" maxCyclomaticComplexity="1" minCyclomaticComplexity="1" visitedClasses="0" numClasses="0" visitedMethods="0" numMethods="0" minCrapScore="2" maxCrapScore="2" />
              <MetadataToken>100663354</MetadataToken>
              <Name>ImageProcessing.Streaming/msg ImageProcessing.Streaming/processAllFiles@77::Invoke(Microsoft.FSharp.Control.FSharpAsyncReplyChannel`1&lt;Microsoft.FSharp.Core.Unit&gt;)</Name>
              <SequencePoints />
              <BranchPoints />
              <MethodPoint vc="0" uspid="100663354" ordinal="0" offset="0" />
            </Method>
            <Method visited="false" cyclomaticComplexity="1" nPathComplexity="0" sequenceCoverage="0" branchCoverage="0" isConstructor="true" isStatic="true" isGetter="false" isSetter="false" crapScore="2">
              <Summary numSequencePoints="0" visitedSequencePoints="0" numBranchPoints="0" visitedBranchPoints="0" sequenceCoverage="0" branchCoverage="0" maxCyclomaticComplexity="1" minCyclomaticComplexity="1" visitedClasses="0" numClasses="0" visitedMethods="0" numMethods="0" minCrapScore="2" maxCrapScore="2" />
              <MetadataToken>100663355</MetadataToken>
              <Name>System.Void ImageProcessing.Streaming/processAllFiles@77::.cctor()</Name>
              <SequencePoints />
              <BranchPoints />
              <MethodPoint vc="0" uspid="100663355" ordinal="0" offset="0" />
            </Method>
          </Methods>
        </Class>
        <Class>
          <Summary numSequencePoints="29" visitedSequencePoints="0" numBranchPoints="15" visitedBranchPoints="0" sequenceCoverage="0" branchCoverage="0" maxCyclomaticComplexity="5" minCyclomaticComplexity="1" visitedClasses="0" numClasses="1" visitedMethods="0" numMethods="7" minCrapScore="2" maxCrapScore="30" />
          <FullName>ImageProcessing.ImageProcessing</FullName>
          <Methods>
            <Method visited="false" cyclomaticComplexity="5" nPathComplexity="16" sequenceCoverage="0" branchCoverage="0" isConstructor="false" isStatic="true" isGetter="false" isSetter="false" crapScore="30">
              <Summary numSequencePoints="9" visitedSequencePoints="0" numBranchPoints="9" visitedBranchPoints="0" sequenceCoverage="0" branchCoverage="0" maxCyclomaticComplexity="5" minCyclomaticComplexity="5" visitedClasses="0" numClasses="0" visitedMethods="0" numMethods="1" minCrapScore="30" maxCrapScore="30" />
              <MetadataToken>100663356</MetadataToken>
              <Name>System.Byte[0...,0...] ImageProcessing.ImageProcessing::loadAs2DArray(System.String)</Name>
              <FileRef uid="3" />
              <SequencePoints>
                <SequencePoint vc="0" uspid="65" ordinal="0" offset="0" sl="24" sc="5" el="24" ec="34" bec="0" bev="0" fileid="3" />
                <SequencePoint vc="0" uspid="64" ordinal="1" offset="7" sl="25" sc="5" el="25" ec="54" bec="0" bev="0" fileid="3" />
                <SequencePoint vc="0" uspid="63" ordinal="2" offset="25" sl="27" sc="5" el="27" ec="8" bec="2" bev="0" fileid="3" />
                <SequencePoint vc="0" uspid="62" ordinal="3" offset="40" sl="28" sc="9" el="28" ec="12" bec="2" bev="0" fileid="3" />
                <SequencePoint vc="0" uspid="61" ordinal="4" offset="59" sl="29" sc="13" el="29" ec="53" bec="0" bev="0" fileid="3" />
                <SequencePoint vc="0" uspid="60" ordinal="5" offset="92" sl="28" sc="15" el="28" ec="17" bec="2" bev="0" fileid="3" />
                <SequencePoint vc="0" uspid="59" ordinal="6" offset="104" sl="27" sc="11" el="27" ec="13" bec="2" bev="0" fileid="3" />
                <SequencePoint vc="0" uspid="58" ordinal="7" offset="110" sl="31" sc="5" el="31" ec="48" bec="0" bev="0" fileid="3" />
                <SequencePoint vc="0" uspid="57" ordinal="8" offset="208" sl="32" sc="5" el="32" ec="8" bec="0" bev="0" fileid="3" />
              </SequencePoints>
              <BranchPoints>
                <BranchPoint vc="0" uspid="10" ordinal="0" offset="38" sl="27" path="0" offsetend="40" fileid="3" />
                <BranchPoint vc="0" uspid="11" ordinal="1" offset="38" sl="27" path="1" offsetend="110" fileid="3" />
                <BranchPoint vc="0" uspid="12" ordinal="2" offset="57" sl="28" path="0" offsetend="59" fileid="3" />
                <BranchPoint vc="0" uspid="13" ordinal="3" offset="57" sl="28" path="1" offsetend="100" fileid="3" />
                <BranchPoint vc="0" uspid="14" ordinal="4" offset="98" sl="28" path="0" offsetend="100" fileid="3" />
                <BranchPoint vc="0" uspid="15" ordinal="5" offset="98" sl="28" path="1" offsetend="59" fileid="3" />
                <BranchPoint vc="0" uspid="16" ordinal="6" offset="108" sl="27" path="0" offsetend="110" fileid="3" />
                <BranchPoint vc="0" uspid="17" ordinal="7" offset="108" sl="27" path="1" offsetend="40" fileid="3" />
              </BranchPoints>
              <MethodPoint xsi:type="SequencePoint" vc="0" uspid="65" ordinal="0" offset="0" sl="24" sc="5" el="24" ec="34" bec="0" bev="0" fileid="3" />
            </Method>
            <Method visited="false" cyclomaticComplexity="1" nPathComplexity="0" sequenceCoverage="0" branchCoverage="0" isConstructor="false" isStatic="true" isGetter="false" isSetter="false" crapScore="2">
              <Summary numSequencePoints="4" visitedSequencePoints="0" numBranchPoints="1" visitedBranchPoints="0" sequenceCoverage="0" branchCoverage="0" maxCyclomaticComplexity="1" minCyclomaticComplexity="1" visitedClasses="0" numClasses="0" visitedMethods="0" numMethods="1" minCrapScore="2" maxCrapScore="2" />
              <MetadataToken>100663357</MetadataToken>
              <Name>ImageProcessing.ImageProcessing/Image ImageProcessing.ImageProcessing::loadAsImage(System.String)</Name>
              <FileRef uid="3" />
              <SequencePoints>
                <SequencePoint vc="0" uspid="69" ordinal="0" offset="0" sl="35" sc="5" el="35" ec="34" bec="0" bev="0" fileid="3" />
                <SequencePoint vc="0" uspid="68" ordinal="1" offset="7" sl="36" sc="5" el="36" ec="62" bec="0" bev="0" fileid="3" />
                <SequencePoint vc="0" uspid="67" ordinal="2" offset="26" sl="37" sc="5" el="37" ec="40" bec="0" bev="0" fileid="3" />
                <SequencePoint vc="0" uspid="66" ordinal="3" offset="38" sl="38" sc="5" el="38" ec="71" bec="0" bev="0" fileid="3" />
              </SequencePoints>
              <BranchPoints />
              <MethodPoint xsi:type="SequencePoint" vc="0" uspid="69" ordinal="0" offset="0" sl="35" sc="5" el="35" ec="34" bec="0" bev="0" fileid="3" />
            </Method>
            <Method visited="false" cyclomaticComplexity="1" nPathComplexity="0" sequenceCoverage="0" branchCoverage="0" isConstructor="false" isStatic="true" isGetter="false" isSetter="false" crapScore="2">
              <Summary numSequencePoints="5" visitedSequencePoints="0" numBranchPoints="1" visitedBranchPoints="0" sequenceCoverage="0" branchCoverage="0" maxCyclomaticComplexity="1" minCyclomaticComplexity="1" visitedClasses="0" numClasses="0" visitedMethods="0" numMethods="1" minCrapScore="2" maxCrapScore="2" />
              <MetadataToken>100663358</MetadataToken>
              <Name>System.Void ImageProcessing.ImageProcessing::save2DByteArrayAsImage(System.Byte[0...,0...],System.String)</Name>
              <FileRef uid="3" />
              <SequencePoints>
                <SequencePoint vc="0" uspid="74" ordinal="0" offset="0" sl="41" sc="5" el="41" ec="34" bec="0" bev="0" fileid="3" />
                <SequencePoint vc="0" uspid="73" ordinal="1" offset="8" sl="42" sc="5" el="42" ec="34" bec="0" bev="0" fileid="3" />
                <SequencePoint vc="0" uspid="72" ordinal="2" offset="16" sl="43" sc="5" el="43" ec="31" bec="0" bev="0" fileid="3" />
                <SequencePoint vc="0" uspid="71" ordinal="3" offset="110" sl="53" sc="5" el="53" ec="67" bec="0" bev="0" fileid="3" />
                <SequencePoint vc="0" uspid="70" ordinal="4" offset="144" sl="54" sc="5" el="54" ec="18" bec="0" bev="0" fileid="3" />
              </SequencePoints>
              <BranchPoints />
              <MethodPoint xsi:type="SequencePoint" vc="0" uspid="74" ordinal="0" offset="0" sl="41" sc="5" el="41" ec="34" bec="0" bev="0" fileid="3" />
            </Method>
            <Method visited="false" cyclomaticComplexity="1" nPathComplexity="0" sequenceCoverage="0" branchCoverage="0" isConstructor="false" isStatic="true" isGetter="false" isSetter="false" crapScore="2">
              <Summary numSequencePoints="2" visitedSequencePoints="0" numBranchPoints="1" visitedBranchPoints="0" sequenceCoverage="0" branchCoverage="0" maxCyclomaticComplexity="1" minCyclomaticComplexity="1" visitedClasses="0" numClasses="0" visitedMethods="0" numMethods="1" minCrapScore="2" maxCrapScore="2" />
              <MetadataToken>100663359</MetadataToken>
              <Name>System.Void ImageProcessing.ImageProcessing::saveImage(ImageProcessing.ImageProcessing/Image,System.String)</Name>
              <FileRef uid="3" />
              <SequencePoints>
                <SequencePoint vc="0" uspid="76" ordinal="0" offset="0" sl="57" sc="5" el="57" ec="77" bec="0" bev="0" fileid="3" />
                <SequencePoint vc="0" uspid="75" ordinal="1" offset="32" sl="58" sc="5" el="58" ec="18" bec="0" bev="0" fileid="3" />
              </SequencePoints>
              <BranchPoints />
              <MethodPoint xsi:type="SequencePoint" vc="0" uspid="76" ordinal="0" offset="0" sl="57" sc="5" el="57" ec="77" bec="0" bev="0" fileid="3" />
            </Method>
            <Method visited="false" cyclomaticComplexity="1" nPathComplexity="0" sequenceCoverage="0" branchCoverage="0" isConstructor="false" isStatic="true" isGetter="true" isSetter="false" crapScore="2">
              <Summary numSequencePoints="0" visitedSequencePoints="0" numBranchPoints="0" visitedBranchPoints="0" sequenceCoverage="0" branchCoverage="0" maxCyclomaticComplexity="1" minCyclomaticComplexity="1" visitedClasses="0" numClasses="0" visitedMethods="0" numMethods="0" minCrapScore="2" maxCrapScore="2" />
              <MetadataToken>100663360</MetadataToken>
              <Name>System.Single[][] ImageProcessing.ImageProcessing::get_gaussianBlurKernel()</Name>
              <SequencePoints />
              <BranchPoints />
              <MethodPoint vc="0" uspid="100663360" ordinal="0" offset="0" />
            </Method>
            <Method visited="false" cyclomaticComplexity="1" nPathComplexity="0" sequenceCoverage="0" branchCoverage="0" isConstructor="false" isStatic="true" isGetter="true" isSetter="false" crapScore="2">
              <Summary numSequencePoints="0" visitedSequencePoints="0" numBranchPoints="0" visitedBranchPoints="0" sequenceCoverage="0" branchCoverage="0" maxCyclomaticComplexity="1" minCyclomaticComplexity="1" visitedClasses="0" numClasses="0" visitedMethods="0" numMethods="0" minCrapScore="2" maxCrapScore="2" />
              <MetadataToken>100663361</MetadataToken>
              <Name>System.Single[][] ImageProcessing.ImageProcessing::get_edgesKernel()</Name>
              <SequencePoints />
              <BranchPoints />
              <MethodPoint vc="0" uspid="100663361" ordinal="0" offset="0" />
            </Method>
            <Method visited="false" cyclomaticComplexity="1" nPathComplexity="0" sequenceCoverage="0" branchCoverage="0" isConstructor="false" isStatic="true" isGetter="false" isSetter="false" crapScore="2">
              <Summary numSequencePoints="5" visitedSequencePoints="0" numBranchPoints="1" visitedBranchPoints="0" sequenceCoverage="0" branchCoverage="0" maxCyclomaticComplexity="1" minCyclomaticComplexity="1" visitedClasses="0" numClasses="0" visitedMethods="0" numMethods="1" minCrapScore="2" maxCrapScore="2" />
              <MetadataToken>100663362</MetadataToken>
              <Name>System.Byte[0...,0...] ImageProcessing.ImageProcessing::applyFilter(System.Single[][],System.Byte[0...,0...])</Name>
              <FileRef uid="3" />
              <SequencePoints>
                <SequencePoint vc="0" uspid="81" ordinal="0" offset="0" sl="81" sc="5" el="81" ec="31" bec="0" bev="0" fileid="3" />
                <SequencePoint vc="0" uspid="80" ordinal="1" offset="8" sl="82" sc="5" el="82" ec="31" bec="0" bev="0" fileid="3" />
                <SequencePoint vc="0" uspid="79" ordinal="2" offset="16" sl="83" sc="5" el="83" ec="44" bec="0" bev="0" fileid="3" />
                <SequencePoint vc="0" uspid="78" ordinal="3" offset="25" sl="84" sc="5" el="84" ec="37" bec="0" bev="0" fileid="3" />
                <SequencePoint vc="0" uspid="77" ordinal="4" offset="44" sl="98" sc="5" el="98" ec="60" bec="0" bev="0" fileid="3" />
              </SequencePoints>
              <BranchPoints />
              <MethodPoint xsi:type="SequencePoint" vc="0" uspid="81" ordinal="0" offset="0" sl="81" sc="5" el="81" ec="31" bec="0" bev="0" fileid="3" />
            </Method>
            <Method visited="false" cyclomaticComplexity="1" nPathComplexity="0" sequenceCoverage="0" branchCoverage="0" isConstructor="false" isStatic="true" isGetter="false" isSetter="false" crapScore="2">
              <Summary numSequencePoints="2" visitedSequencePoints="0" numBranchPoints="1" visitedBranchPoints="0" sequenceCoverage="0" branchCoverage="0" maxCyclomaticComplexity="1" minCyclomaticComplexity="1" visitedClasses="0" numClasses="0" visitedMethods="0" numMethods="1" minCrapScore="2" maxCrapScore="2" />
              <MetadataToken>100663363</MetadataToken>
              <Name>Microsoft.FSharp.Core.FSharpFunc`2&lt;Microsoft.FSharp.Control.FSharpMailboxProcessor`1&lt;Brahma.FSharp.Msg&gt;,Microsoft.FSharp.Core.FSharpFunc`2&lt;Brahma.FSharp.ClArray`1&lt;System.Single&gt;,Microsoft.FSharp.Core.FSharpFunc`2&lt;System.Int32,Microsoft.FSharp.Core.FSharpFunc`2&lt;Brahma.FSharp.ClArray`1&lt;System.Byte&gt;,Microsoft.FSharp.Core.FSharpFunc`2&lt;System.Int32,Microsoft.FSharp.Core.FSharpFunc`2&lt;System.Int32,Microsoft.FSharp.Core.FSharpFunc`2&lt;Brahma.FSharp.ClArray`1&lt;System.Byte&gt;,Brahma.FSharp.ClArray`1&lt;System.Byte&gt;&gt;&gt;&gt;&gt;&gt;&gt;&gt; ImageProcessing.ImageProcessing::applyFilterGPUKernel(Brahma.FSharp.ClContext,System.Int32)</Name>
              <FileRef uid="3" />
              <SequencePoints>
                <SequencePoint vc="0" uspid="83" ordinal="0" offset="0" sl="101" sc="5" el="122" ec="11" bec="0" bev="0" fileid="3" />
                <SequencePoint vc="0" uspid="82" ordinal="1" offset="284" sl="124" sc="5" el="124" ec="42" bec="0" bev="0" fileid="3" />
              </SequencePoints>
              <BranchPoints />
              <MethodPoint xsi:type="SequencePoint" vc="0" uspid="83" ordinal="0" offset="0" sl="101" sc="5" el="122" ec="11" bec="0" bev="0" fileid="3" />
            </Method>
            <Method visited="false" cyclomaticComplexity="1" nPathComplexity="0" sequenceCoverage="0" branchCoverage="0" isConstructor="false" isStatic="true" isGetter="false" isSetter="false" crapScore="2">
              <Summary numSequencePoints="2" visitedSequencePoints="0" numBranchPoints="1" visitedBranchPoints="0" sequenceCoverage="0" branchCoverage="0" maxCyclomaticComplexity="1" minCyclomaticComplexity="1" visitedClasses="0" numClasses="0" visitedMethods="0" numMethods="1" minCrapScore="2" maxCrapScore="2" />
              <MetadataToken>100663364</MetadataToken>
              <Name>Microsoft.FSharp.Core.FSharpFunc`2&lt;Microsoft.FSharp.Collections.FSharpList`1&lt;System.Single[][]&gt;,Microsoft.FSharp.Core.FSharpFunc`2&lt;ImageProcessing.ImageProcessing/Image,ImageProcessing.ImageProcessing/Image&gt;&gt; ImageProcessing.ImageProcessing::applyFiltersGPU(Brahma.FSharp.ClContext,System.Int32)</Name>
              <FileRef uid="3" />
              <SequencePoints>
                <SequencePoint vc="0" uspid="85" ordinal="0" offset="0" sl="134" sc="5" el="134" ec="62" bec="0" bev="0" fileid="3" />
                <SequencePoint vc="0" uspid="84" ordinal="1" offset="8" sl="135" sc="5" el="135" ec="54" bec="0" bev="0" fileid="3" />
              </SequencePoints>
              <BranchPoints />
              <MethodPoint xsi:type="SequencePoint" vc="0" uspid="85" ordinal="0" offset="0" sl="134" sc="5" el="134" ec="62" bec="0" bev="0" fileid="3" />
            </Method>
            <Method visited="false" cyclomaticComplexity="1" nPathComplexity="0" sequenceCoverage="0" branchCoverage="0" isConstructor="true" isStatic="true" isGetter="false" isSetter="false" crapScore="2">
              <Summary numSequencePoints="0" visitedSequencePoints="0" numBranchPoints="0" visitedBranchPoints="0" sequenceCoverage="0" branchCoverage="0" maxCyclomaticComplexity="1" minCyclomaticComplexity="1" visitedClasses="0" numClasses="0" visitedMethods="0" numMethods="0" minCrapScore="2" maxCrapScore="2" />
              <MetadataToken>100663365</MetadataToken>
              <Name>System.Void ImageProcessing.ImageProcessing::.cctor()</Name>
              <SequencePoints />
              <BranchPoints />
              <MethodPoint vc="0" uspid="100663365" ordinal="0" offset="0" />
            </Method>
          </Methods>
        </Class>
        <Class>
          <Summary numSequencePoints="1" visitedSequencePoints="0" numBranchPoints="1" visitedBranchPoints="0" sequenceCoverage="0" branchCoverage="0" maxCyclomaticComplexity="1" minCyclomaticComplexity="1" visitedClasses="0" numClasses="1" visitedMethods="0" numMethods="1" minCrapScore="2" maxCrapScore="2" />
          <FullName>ImageProcessing.ImageProcessing/Image</FullName>
          <Methods>
            <Method visited="false" cyclomaticComplexity="7" nPathComplexity="0" sequenceCoverage="0" branchCoverage="0" isConstructor="false" isStatic="false" isGetter="false" isSetter="false" crapScore="56">
              <Summary numSequencePoints="0" visitedSequencePoints="0" numBranchPoints="0" visitedBranchPoints="0" sequenceCoverage="0" branchCoverage="0" maxCyclomaticComplexity="7" minCyclomaticComplexity="7" visitedClasses="0" numClasses="0" visitedMethods="0" numMethods="0" minCrapScore="56" maxCrapScore="56" />
              <MetadataToken>100663370</MetadataToken>
              <Name>System.Int32 ImageProcessing.ImageProcessing/Image::CompareTo(ImageProcessing.ImageProcessing/Image)</Name>
              <SequencePoints />
              <BranchPoints />
              <MethodPoint vc="0" uspid="100663370" ordinal="0" offset="0" />
            </Method>
            <Method visited="false" cyclomaticComplexity="1" nPathComplexity="0" sequenceCoverage="0" branchCoverage="0" isConstructor="false" isStatic="false" isGetter="false" isSetter="false" crapScore="2">
              <Summary numSequencePoints="0" visitedSequencePoints="0" numBranchPoints="0" visitedBranchPoints="0" sequenceCoverage="0" branchCoverage="0" maxCyclomaticComplexity="1" minCyclomaticComplexity="1" visitedClasses="0" numClasses="0" visitedMethods="0" numMethods="0" minCrapScore="2" maxCrapScore="2" />
              <MetadataToken>100663371</MetadataToken>
              <Name>System.Int32 ImageProcessing.ImageProcessing/Image::CompareTo(System.Object)</Name>
              <SequencePoints />
              <BranchPoints />
              <MethodPoint vc="0" uspid="100663371" ordinal="0" offset="0" />
            </Method>
            <Method visited="false" cyclomaticComplexity="7" nPathComplexity="0" sequenceCoverage="0" branchCoverage="0" isConstructor="false" isStatic="false" isGetter="false" isSetter="false" crapScore="56">
              <Summary numSequencePoints="0" visitedSequencePoints="0" numBranchPoints="0" visitedBranchPoints="0" sequenceCoverage="0" branchCoverage="0" maxCyclomaticComplexity="7" minCyclomaticComplexity="7" visitedClasses="0" numClasses="0" visitedMethods="0" numMethods="0" minCrapScore="56" maxCrapScore="56" />
              <MetadataToken>100663372</MetadataToken>
              <Name>System.Int32 ImageProcessing.ImageProcessing/Image::CompareTo(System.Object,System.Collections.IComparer)</Name>
              <SequencePoints />
              <BranchPoints />
              <MethodPoint vc="0" uspid="100663372" ordinal="0" offset="0" />
            </Method>
            <Method visited="false" cyclomaticComplexity="2" nPathComplexity="0" sequenceCoverage="0" branchCoverage="0" isConstructor="false" isStatic="false" isGetter="false" isSetter="false" crapScore="6">
              <Summary numSequencePoints="0" visitedSequencePoints="0" numBranchPoints="0" visitedBranchPoints="0" sequenceCoverage="0" branchCoverage="0" maxCyclomaticComplexity="2" minCyclomaticComplexity="2" visitedClasses="0" numClasses="0" visitedMethods="0" numMethods="0" minCrapScore="6" maxCrapScore="6" />
              <MetadataToken>100663373</MetadataToken>
              <Name>System.Int32 ImageProcessing.ImageProcessing/Image::GetHashCode(System.Collections.IEqualityComparer)</Name>
              <SequencePoints />
              <BranchPoints />
              <MethodPoint vc="0" uspid="100663373" ordinal="0" offset="0" />
            </Method>
            <Method visited="false" cyclomaticComplexity="1" nPathComplexity="0" sequenceCoverage="0" branchCoverage="0" isConstructor="false" isStatic="false" isGetter="false" isSetter="false" crapScore="2">
              <Summary numSequencePoints="0" visitedSequencePoints="0" numBranchPoints="0" visitedBranchPoints="0" sequenceCoverage="0" branchCoverage="0" maxCyclomaticComplexity="1" minCyclomaticComplexity="1" visitedClasses="0" numClasses="0" visitedMethods="0" numMethods="0" minCrapScore="2" maxCrapScore="2" />
              <MetadataToken>100663374</MetadataToken>
              <Name>System.Int32 ImageProcessing.ImageProcessing/Image::GetHashCode()</Name>
              <SequencePoints />
              <BranchPoints />
              <MethodPoint vc="0" uspid="100663374" ordinal="0" offset="0" />
            </Method>
            <Method visited="false" cyclomaticComplexity="5" nPathComplexity="0" sequenceCoverage="0" branchCoverage="0" isConstructor="false" isStatic="false" isGetter="false" isSetter="false" crapScore="30">
              <Summary numSequencePoints="0" visitedSequencePoints="0" numBranchPoints="0" visitedBranchPoints="0" sequenceCoverage="0" branchCoverage="0" maxCyclomaticComplexity="5" minCyclomaticComplexity="5" visitedClasses="0" numClasses="0" visitedMethods="0" numMethods="0" minCrapScore="30" maxCrapScore="30" />
              <MetadataToken>100663375</MetadataToken>
              <Name>System.Boolean ImageProcessing.ImageProcessing/Image::Equals(System.Object,System.Collections.IEqualityComparer)</Name>
              <SequencePoints />
              <BranchPoints />
              <MethodPoint vc="0" uspid="100663375" ordinal="0" offset="0" />
            </Method>
            <Method visited="false" cyclomaticComplexity="1" nPathComplexity="0" sequenceCoverage="0" branchCoverage="0" isConstructor="true" isStatic="false" isGetter="false" isSetter="false" crapScore="2">
              <Summary numSequencePoints="1" visitedSequencePoints="0" numBranchPoints="1" visitedBranchPoints="0" sequenceCoverage="0" branchCoverage="0" maxCyclomaticComplexity="1" minCyclomaticComplexity="1" visitedClasses="0" numClasses="0" visitedMethods="0" numMethods="1" minCrapScore="2" maxCrapScore="2" />
              <MetadataToken>100663376</MetadataToken>
              <Name>System.Void ImageProcessing.ImageProcessing/Image::.ctor(System.Byte[],System.Int32,System.Int32,System.String)</Name>
              <FileRef uid="3" />
              <SequencePoints>
                <SequencePoint vc="0" uspid="86" ordinal="0" offset="0" sl="16" sc="9" el="21" ec="10" bec="0" bev="0" fileid="3" />
              </SequencePoints>
              <BranchPoints />
              <MethodPoint xsi:type="SequencePoint" vc="0" uspid="86" ordinal="0" offset="0" sl="16" sc="9" el="21" ec="10" bec="0" bev="0" fileid="3" />
            </Method>
            <Method visited="false" cyclomaticComplexity="4" nPathComplexity="0" sequenceCoverage="0" branchCoverage="0" isConstructor="false" isStatic="false" isGetter="false" isSetter="false" crapScore="20">
              <Summary numSequencePoints="0" visitedSequencePoints="0" numBranchPoints="0" visitedBranchPoints="0" sequenceCoverage="0" branchCoverage="0" maxCyclomaticComplexity="4" minCyclomaticComplexity="4" visitedClasses="0" numClasses="0" visitedMethods="0" numMethods="0" minCrapScore="20" maxCrapScore="20" />
              <MetadataToken>100663377</MetadataToken>
              <Name>System.Boolean ImageProcessing.ImageProcessing/Image::Equals(ImageProcessing.ImageProcessing/Image)</Name>
              <SequencePoints />
              <BranchPoints />
              <MethodPoint vc="0" uspid="100663377" ordinal="0" offset="0" />
            </Method>
            <Method visited="false" cyclomaticComplexity="2" nPathComplexity="0" sequenceCoverage="0" branchCoverage="0" isConstructor="false" isStatic="false" isGetter="false" isSetter="false" crapScore="6">
              <Summary numSequencePoints="0" visitedSequencePoints="0" numBranchPoints="0" visitedBranchPoints="0" sequenceCoverage="0" branchCoverage="0" maxCyclomaticComplexity="2" minCyclomaticComplexity="2" visitedClasses="0" numClasses="0" visitedMethods="0" numMethods="0" minCrapScore="6" maxCrapScore="6" />
              <MetadataToken>100663378</MetadataToken>
              <Name>System.Boolean ImageProcessing.ImageProcessing/Image::Equals(System.Object)</Name>
              <SequencePoints />
              <BranchPoints />
              <MethodPoint vc="0" uspid="100663378" ordinal="0" offset="0" />
            </Method>
          </Methods>
        </Class>
        <Class>
          <Summary numSequencePoints="6" visitedSequencePoints="0" numBranchPoints="5" visitedBranchPoints="0" sequenceCoverage="0" branchCoverage="0" maxCyclomaticComplexity="8" minCyclomaticComplexity="1" visitedClasses="0" numClasses="1" visitedMethods="0" numMethods="1" minCrapScore="72" maxCrapScore="72" />
          <FullName>ImageProcessing.ImageProcessing/Pipe #1 input at line 46@47</FullName>
          <Methods>
            <Method visited="false" cyclomaticComplexity="1" nPathComplexity="0" sequenceCoverage="0" branchCoverage="0" isConstructor="true" isStatic="false" isGetter="false" isSetter="false" crapScore="2">
              <Summary numSequencePoints="0" visitedSequencePoints="0" numBranchPoints="0" visitedBranchPoints="0" sequenceCoverage="0" branchCoverage="0" maxCyclomaticComplexity="1" minCyclomaticComplexity="1" visitedClasses="0" numClasses="0" visitedMethods="0" numMethods="0" minCrapScore="2" maxCrapScore="2" />
              <MetadataToken>100663379</MetadataToken>
              <Name>System.Void ImageProcessing.ImageProcessing/Pipe #1 input at line 46@47::.ctor(a[0...,0...],System.Int32,System.Collections.Generic.IEnumerator`1&lt;System.Int32&gt;,System.Collections.Generic.IEnumerator`1&lt;System.Int32&gt;,System.Int32,a)</Name>
              <SequencePoints />
              <BranchPoints />
              <MethodPoint vc="0" uspid="100663379" ordinal="0" offset="0" />
            </Method>
            <Method visited="false" cyclomaticComplexity="8" nPathComplexity="4" sequenceCoverage="0" branchCoverage="0" isConstructor="false" isStatic="false" isGetter="false" isSetter="false" crapScore="72">
              <Summary numSequencePoints="6" visitedSequencePoints="0" numBranchPoints="5" visitedBranchPoints="0" sequenceCoverage="0" branchCoverage="0" maxCyclomaticComplexity="8" minCyclomaticComplexity="8" visitedClasses="0" numClasses="0" visitedMethods="0" numMethods="1" minCrapScore="72" maxCrapScore="72" />
              <MetadataToken>100663380</MetadataToken>
              <Name>System.Int32 ImageProcessing.ImageProcessing/Pipe #1 input at line 46@47::GenerateNext(System.Collections.Generic.IEnumerable`1&lt;a&gt;&amp;)</Name>
              <FileRef uid="3" />
              <SequencePoints>
                <SequencePoint vc="0" uspid="92" ordinal="0" offset="56" sl="47" sc="13" el="47" ec="16" bec="0" bev="0" fileid="3" />
                <SequencePoint vc="0" uspid="91" ordinal="1" offset="126" sl="48" sc="17" el="48" ec="20" bec="0" bev="0" fileid="3" />
                <SequencePoint vc="0" uspid="90" ordinal="2" offset="127" sl="48" sc="26" el="48" ec="64" bec="0" bev="0" fileid="3" />
                <SequencePoint vc="0" uspid="89" ordinal="3" offset="196" sl="49" sc="21" el="49" ec="41" bec="0" bev="0" fileid="3" />
                <SequencePoint vc="0" uspid="88" ordinal="4" offset="221" sl="48" sc="23" el="48" ec="25" bec="2" bev="0" fileid="3" />
                <SequencePoint vc="0" uspid="87" ordinal="5" offset="267" sl="47" sc="19" el="47" ec="21" bec="2" bev="0" fileid="3" />
              </SequencePoints>
              <BranchPoints>
                <BranchPoint vc="0" uspid="23" ordinal="0" offset="232" sl="48" path="0" offsetend="234" fileid="3" />
                <BranchPoint vc="0" uspid="24" ordinal="1" offset="232" sl="48" path="1" offsetend="176" fileid="3" />
                <BranchPoint vc="0" uspid="25" ordinal="2" offset="278" sl="47" path="0" offsetend="283" fileid="3" />
                <BranchPoint vc="0" uspid="26" ordinal="3" offset="278" sl="47" path="1" offsetchain="109" offsetend="221" fileid="3" />
              </BranchPoints>
              <MethodPoint xsi:type="SequencePoint" vc="0" uspid="92" ordinal="0" offset="56" sl="47" sc="13" el="47" ec="16" bec="0" bev="0" fileid="3" />
            </Method>
            <Method visited="false" cyclomaticComplexity="10" nPathComplexity="0" sequenceCoverage="0" branchCoverage="0" isConstructor="false" isStatic="false" isGetter="false" isSetter="false" crapScore="110">
              <Summary numSequencePoints="0" visitedSequencePoints="0" numBranchPoints="0" visitedBranchPoints="0" sequenceCoverage="0" branchCoverage="0" maxCyclomaticComplexity="10" minCyclomaticComplexity="10" visitedClasses="0" numClasses="0" visitedMethods="0" numMethods="0" minCrapScore="110" maxCrapScore="110" />
              <MetadataToken>100663381</MetadataToken>
              <Name>System.Void ImageProcessing.ImageProcessing/Pipe #1 input at line 46@47::Close()</Name>
              <SequencePoints />
              <BranchPoints />
              <MethodPoint vc="0" uspid="100663381" ordinal="0" offset="0" />
            </Method>
            <Method visited="false" cyclomaticComplexity="7" nPathComplexity="0" sequenceCoverage="0" branchCoverage="0" isConstructor="false" isStatic="false" isGetter="false" isSetter="false" crapScore="56">
              <Summary numSequencePoints="0" visitedSequencePoints="0" numBranchPoints="0" visitedBranchPoints="0" sequenceCoverage="0" branchCoverage="0" maxCyclomaticComplexity="7" minCyclomaticComplexity="7" visitedClasses="0" numClasses="0" visitedMethods="0" numMethods="0" minCrapScore="56" maxCrapScore="56" />
              <MetadataToken>100663382</MetadataToken>
              <Name>System.Boolean ImageProcessing.ImageProcessing/Pipe #1 input at line 46@47::get_CheckClose()</Name>
              <SequencePoints />
              <BranchPoints />
              <MethodPoint vc="0" uspid="100663382" ordinal="0" offset="0" />
            </Method>
            <Method visited="false" cyclomaticComplexity="1" nPathComplexity="0" sequenceCoverage="0" branchCoverage="0" isConstructor="false" isStatic="false" isGetter="false" isSetter="false" crapScore="2">
              <Summary numSequencePoints="0" visitedSequencePoints="0" numBranchPoints="0" visitedBranchPoints="0" sequenceCoverage="0" branchCoverage="0" maxCyclomaticComplexity="1" minCyclomaticComplexity="1" visitedClasses="0" numClasses="0" visitedMethods="0" numMethods="0" minCrapScore="2" maxCrapScore="2" />
              <MetadataToken>100663383</MetadataToken>
              <Name>a ImageProcessing.ImageProcessing/Pipe #1 input at line 46@47::get_LastGenerated()</Name>
              <SequencePoints />
              <BranchPoints />
              <MethodPoint vc="0" uspid="100663383" ordinal="0" offset="0" />
            </Method>
            <Method visited="false" cyclomaticComplexity="1" nPathComplexity="0" sequenceCoverage="0" branchCoverage="0" isConstructor="false" isStatic="false" isGetter="false" isSetter="false" crapScore="2">
              <Summary numSequencePoints="0" visitedSequencePoints="0" numBranchPoints="0" visitedBranchPoints="0" sequenceCoverage="0" branchCoverage="0" maxCyclomaticComplexity="1" minCyclomaticComplexity="1" visitedClasses="0" numClasses="0" visitedMethods="0" numMethods="0" minCrapScore="2" maxCrapScore="2" />
              <MetadataToken>100663384</MetadataToken>
              <Name>System.Collections.Generic.IEnumerator`1&lt;a&gt; ImageProcessing.ImageProcessing/Pipe #1 input at line 46@47::GetFreshEnumerator()</Name>
              <SequencePoints />
              <BranchPoints />
              <MethodPoint vc="0" uspid="100663384" ordinal="0" offset="0" />
            </Method>
          </Methods>
        </Class>
        <Class>
          <Summary numSequencePoints="0" visitedSequencePoints="0" numBranchPoints="0" visitedBranchPoints="0" sequenceCoverage="0" branchCoverage="0" maxCyclomaticComplexity="0" minCyclomaticComplexity="0" visitedClasses="0" numClasses="0" visitedMethods="0" numMethods="0" minCrapScore="0" maxCrapScore="0" />
          <FullName>ImageProcessing.ImageProcessing/flat2Darray@45</FullName>
          <Methods>
            <Method visited="false" cyclomaticComplexity="1" nPathComplexity="0" sequenceCoverage="0" branchCoverage="0" isConstructor="false" isStatic="false" isGetter="false" isSetter="false" crapScore="2">
              <Summary numSequencePoints="0" visitedSequencePoints="0" numBranchPoints="0" visitedBranchPoints="0" sequenceCoverage="0" branchCoverage="0" maxCyclomaticComplexity="1" minCyclomaticComplexity="1" visitedClasses="0" numClasses="0" visitedMethods="0" numMethods="0" minCrapScore="2" maxCrapScore="2" />
              <MetadataToken>100663386</MetadataToken>
              <Name>System.Object ImageProcessing.ImageProcessing/flat2Darray@45::Specialize()</Name>
              <SequencePoints />
              <BranchPoints />
              <MethodPoint vc="0" uspid="100663386" ordinal="0" offset="0" />
            </Method>
          </Methods>
        </Class>
        <Class>
          <Summary numSequencePoints="2" visitedSequencePoints="0" numBranchPoints="1" visitedBranchPoints="0" sequenceCoverage="0" branchCoverage="0" maxCyclomaticComplexity="1" minCyclomaticComplexity="1" visitedClasses="0" numClasses="1" visitedMethods="0" numMethods="1" minCrapScore="2" maxCrapScore="2" />
          <FullName>ImageProcessing.ImageProcessing/flat2Darray@45T</FullName>
          <Methods>
            <Method visited="false" cyclomaticComplexity="1" nPathComplexity="0" sequenceCoverage="0" branchCoverage="0" isConstructor="false" isStatic="false" isGetter="false" isSetter="false" crapScore="2">
              <Summary numSequencePoints="2" visitedSequencePoints="0" numBranchPoints="1" visitedBranchPoints="0" sequenceCoverage="0" branchCoverage="0" maxCyclomaticComplexity="1" minCyclomaticComplexity="1" visitedClasses="0" numClasses="0" visitedMethods="0" numMethods="1" minCrapScore="2" maxCrapScore="2" />
              <MetadataToken>100663389</MetadataToken>
              <Name>a[] ImageProcessing.ImageProcessing/flat2Darray@45T::Invoke(a[0...,0...])</Name>
              <FileRef uid="3" />
              <SequencePoints>
                <SequencePoint vc="0" uspid="94" ordinal="0" offset="0" sl="46" sc="9" el="50" ec="10" bec="0" bev="0" fileid="3" />
                <SequencePoint vc="0" uspid="93" ordinal="1" offset="19" sl="51" sc="12" el="51" ec="23" bec="0" bev="0" fileid="3" />
              </SequencePoints>
              <BranchPoints />
              <MethodPoint xsi:type="SequencePoint" vc="0" uspid="94" ordinal="0" offset="0" sl="46" sc="9" el="50" ec="10" bec="0" bev="0" fileid="3" />
            </Method>
          </Methods>
        </Class>
        <Class>
          <Summary numSequencePoints="1" visitedSequencePoints="0" numBranchPoints="1" visitedBranchPoints="0" sequenceCoverage="0" branchCoverage="0" maxCyclomaticComplexity="1" minCyclomaticComplexity="1" visitedClasses="0" numClasses="1" visitedMethods="0" numMethods="1" minCrapScore="2" maxCrapScore="2" />
          <FullName>ImageProcessing.ImageProcessing/processPixel@96-1</FullName>
          <Methods>
            <Method visited="false" cyclomaticComplexity="1" nPathComplexity="0" sequenceCoverage="0" branchCoverage="0" isConstructor="false" isStatic="false" isGetter="false" isSetter="false" crapScore="2">
              <Summary numSequencePoints="1" visitedSequencePoints="0" numBranchPoints="1" visitedBranchPoints="0" sequenceCoverage="0" branchCoverage="0" maxCyclomaticComplexity="1" minCyclomaticComplexity="1" visitedClasses="0" numClasses="0" visitedMethods="0" numMethods="1" minCrapScore="2" maxCrapScore="2" />
              <MetadataToken>100663391</MetadataToken>
              <Name>System.Single ImageProcessing.ImageProcessing/processPixel@96-1::Invoke(System.Single,System.Single,System.Single)</Name>
              <FileRef uid="3" />
              <SequencePoints>
                <SequencePoint vc="0" uspid="95" ordinal="0" offset="0" sl="96" sc="35" el="96" ec="44" bec="0" bev="0" fileid="3" />
              </SequencePoints>
              <BranchPoints />
              <MethodPoint xsi:type="SequencePoint" vc="0" uspid="95" ordinal="0" offset="0" sl="96" sc="35" el="96" ec="44" bec="0" bev="0" fileid="3" />
            </Method>
            <Method visited="false" cyclomaticComplexity="1" nPathComplexity="0" sequenceCoverage="0" branchCoverage="0" isConstructor="true" isStatic="true" isGetter="false" isSetter="false" crapScore="2">
              <Summary numSequencePoints="0" visitedSequencePoints="0" numBranchPoints="0" visitedBranchPoints="0" sequenceCoverage="0" branchCoverage="0" maxCyclomaticComplexity="1" minCyclomaticComplexity="1" visitedClasses="0" numClasses="0" visitedMethods="0" numMethods="0" minCrapScore="2" maxCrapScore="2" />
              <MetadataToken>100663392</MetadataToken>
              <Name>System.Void ImageProcessing.ImageProcessing/processPixel@96-1::.cctor()</Name>
              <SequencePoints />
              <BranchPoints />
              <MethodPoint vc="0" uspid="100663392" ordinal="0" offset="0" />
            </Method>
          </Methods>
        </Class>
        <Class>
          <Summary numSequencePoints="14" visitedSequencePoints="0" numBranchPoints="13" visitedBranchPoints="0" sequenceCoverage="0" branchCoverage="0" maxCyclomaticComplexity="9" minCyclomaticComplexity="1" visitedClasses="0" numClasses="1" visitedMethods="0" numMethods="1" minCrapScore="90" maxCrapScore="90" />
          <FullName>ImageProcessing.ImageProcessing/processPixel@87</FullName>
          <Methods>
            <Method visited="false" cyclomaticComplexity="9" nPathComplexity="64" sequenceCoverage="0" branchCoverage="0" isConstructor="false" isStatic="false" isGetter="false" isSetter="false" crapScore="90">
              <Summary numSequencePoints="14" visitedSequencePoints="0" numBranchPoints="13" visitedBranchPoints="0" sequenceCoverage="0" branchCoverage="0" maxCyclomaticComplexity="9" minCyclomaticComplexity="9" visitedClasses="0" numClasses="0" visitedMethods="0" numMethods="1" minCrapScore="90" maxCrapScore="90" />
[...]
              <FileRef uid="3" />
              <SequencePoints>
                <SequencePoint vc="0" uspid="109" ordinal="0" offset="0" sl="87" sc="9" el="94" ec="11" bec="0" bev="0" fileid="3" />
                <SequencePoint vc="0" uspid="108" ordinal="1" offset="1" sl="88" sc="13" el="88" ec="16" bec="0" bev="0" fileid="3" />
                <SequencePoint vc="0" uspid="107" ordinal="2" offset="42" sl="89" sc="17" el="89" ec="20" bec="0" bev="0" fileid="3" />
                <SequencePoint vc="0" uspid="106" ordinal="3" offset="43" sl="89" sc="26" el="89" ec="54" bec="0" bev="0" fileid="3" />
                <SequencePoint vc="0" uspid="105" ordinal="4" offset="86" sl="90" sc="21" el="90" ec="69" bec="0" bev="0" fileid="3" />
                <SequencePoint vc="0" uspid="104" ordinal="5" offset="87" sl="90" sc="24" el="90" ec="29" bec="2" bev="0" fileid="3" />
                <SequencePoint vc="0" uspid="103" ordinal="6" offset="96" sl="90" sc="33" el="90" ec="42" bec="2" bev="0" fileid="3" />
                <SequencePoint vc="0" uspid="102" ordinal="7" offset="116" sl="90" sc="46" el="90" ec="51" bec="2" bev="0" fileid="3" />
                <SequencePoint vc="0" uspid="101" ordinal="8" offset="128" sl="90" sc="55" el="90" ec="64" bec="2" bev="0" fileid="3" />
                <SequencePoint vc="0" uspid="100" ordinal="9" offset="146" sl="91" sc="25" el="91" ec="45" bec="0" bev="0" fileid="3" />
                <SequencePoint vc="0" uspid="99" ordinal="10" offset="172" sl="93" sc="25" el="93" ec="43" bec="0" bev="0" fileid="3" />
                <SequencePoint vc="0" uspid="98" ordinal="11" offset="196" sl="89" sc="23" el="89" ec="25" bec="2" bev="0" fileid="3" />
                <SequencePoint vc="0" uspid="97" ordinal="12" offset="238" sl="88" sc="19" el="88" ec="21" bec="2" bev="0" fileid="3" />
                <SequencePoint vc="0" uspid="96" ordinal="13" offset="284" sl="96" sc="9" el="96" ec="70" bec="0" bev="0" fileid="3" />
              </SequencePoints>
              <BranchPoints>
                <BranchPoint vc="0" uspid="22" ordinal="0" offset="90" sl="90" path="0" offsetchain="92" offsetend="110" fileid="3" />
                <BranchPoint vc="0" uspid="23" ordinal="1" offset="90" sl="90" path="1" offsetend="96" fileid="3" />
                <BranchPoint vc="0" uspid="24" ordinal="2" offset="110" sl="90" path="0" offsetchain="112" offsetend="122" fileid="3" />
                <BranchPoint vc="0" uspid="25" ordinal="3" offset="110" sl="90" path="1" offsetend="116" fileid="3" />
                <BranchPoint vc="0" uspid="26" ordinal="4" offset="122" sl="90" path="0" offsetchain="124" offsetend="142" fileid="3" />
                <BranchPoint vc="0" uspid="27" ordinal="5" offset="122" sl="90" path="1" offsetend="128" fileid="3" />
                <BranchPoint vc="0" uspid="28" ordinal="6" offset="142" sl="90" path="0" offsetend="144" fileid="3" />
                <BranchPoint vc="0" uspid="29" ordinal="7" offset="142" sl="90" path="1" offsetend="170" fileid="3" />
                <BranchPoint vc="0" uspid="30" ordinal="8" offset="203" sl="89" path="0" offsetend="208" fileid="3" />
                <BranchPoint vc="0" uspid="31" ordinal="9" offset="203" sl="89" path="1" offsetend="77" fileid="3" />
                <BranchPoint vc="0" uspid="32" ordinal="10" offset="244" sl="88" path="0" offsetend="249" fileid="3" />
                <BranchPoint vc="0" uspid="33" ordinal="11" offset="244" sl="88" path="1" offsetchain="34" offsetend="196" fileid="3" />
              </BranchPoints>
              <MethodPoint xsi:type="SequencePoint" vc="0" uspid="109" ordinal="0" offset="0" sl="87" sc="9" el="94" ec="11" bec="0" bev="0" fileid="3" />
            </Method>
          </Methods>
        </Class>
        <Class>
          <Summary numSequencePoints="1" visitedSequencePoints="0" numBranchPoints="1" visitedBranchPoints="0" sequenceCoverage="0" branchCoverage="0" maxCyclomaticComplexity="1" minCyclomaticComplexity="1" visitedClasses="0" numClasses="1" visitedMethods="0" numMethods="1" minCrapScore="2" maxCrapScore="2" />
          <FullName>ImageProcessing.ImageProcessing/applyFilter@98</FullName>
          <Methods>
            <Method visited="false" cyclomaticComplexity="1" nPathComplexity="0" sequenceCoverage="0" branchCoverage="0" isConstructor="false" isStatic="false" isGetter="false" isSetter="false" crapScore="2">
              <Summary numSequencePoints="1" visitedSequencePoints="0" numBranchPoints="1" visitedBranchPoints="0" sequenceCoverage="0" branchCoverage="0" maxCyclomaticComplexity="1" minCyclomaticComplexity="1" visitedClasses="0" numClasses="0" visitedMethods="0" numMethods="1" minCrapScore="2" maxCrapScore="2" />
              <MetadataToken>100663396</MetadataToken>
              <Name>System.Byte ImageProcessing.ImageProcessing/applyFilter@98::Invoke(System.Int32,System.Int32,System.Byte)</Name>
              <FileRef uid="3" />
              <SequencePoints>
                <SequencePoint vc="0" uspid="110" ordinal="0" offset="0" sl="98" sc="32" el="98" ec="55" bec="0" bev="0" fileid="3" />
              </SequencePoints>
              <BranchPoints />
              <MethodPoint xsi:type="SequencePoint" vc="0" uspid="110" ordinal="0" offset="0" sl="98" sc="32" el="98" ec="55" bec="0" bev="0" fileid="3" />
            </Method>
          </Methods>
        </Class>
        <Class>
          <Summary numSequencePoints="1" visitedSequencePoints="0" numBranchPoints="1" visitedBranchPoints="0" sequenceCoverage="0" branchCoverage="0" maxCyclomaticComplexity="1" minCyclomaticComplexity="1" visitedClasses="0" numClasses="1" visitedMethods="0" numMethods="1" minCrapScore="2" maxCrapScore="2" />
          <FullName>ImageProcessing.ImageProcessing/applyFilterGPUKernel@129-1</FullName>
          <Methods>
            <Method visited="false" cyclomaticComplexity="1" nPathComplexity="0" sequenceCoverage="0" branchCoverage="0" isConstructor="false" isStatic="false" isGetter="false" isSetter="false" crapScore="2">
              <Summary numSequencePoints="1" visitedSequencePoints="0" numBranchPoints="1" visitedBranchPoints="0" sequenceCoverage="0" branchCoverage="0" maxCyclomaticComplexity="1" minCyclomaticComplexity="1" visitedClasses="0" numClasses="0" visitedMethods="0" numMethods="1" minCrapScore="2" maxCrapScore="2" />
              <MetadataToken>100663398</MetadataToken>
              <Name>Microsoft.FSharp.Core.Unit ImageProcessing.ImageProcessing/applyFilterGPUKernel@129-1::Invoke(Microsoft.FSharp.Core.Unit)</Name>
              <FileRef uid="3" />
              <SequencePoints>
                <SequencePoint vc="0" uspid="111" ordinal="0" offset="0" sl="129" sc="57" el="129" ec="118" bec="0" bev="0" fileid="3" />
              </SequencePoints>
              <BranchPoints />
              <MethodPoint xsi:type="SequencePoint" vc="0" uspid="111" ordinal="0" offset="0" sl="129" sc="57" el="129" ec="118" bec="0" bev="0" fileid="3" />
            </Method>
          </Methods>
        </Class>
        <Class>
          <Summary numSequencePoints="0" visitedSequencePoints="0" numBranchPoints="0" visitedBranchPoints="0" sequenceCoverage="0" branchCoverage="0" maxCyclomaticComplexity="0" minCyclomaticComplexity="0" visitedClasses="0" numClasses="0" visitedMethods="0" numMethods="0" minCrapScore="0" maxCrapScore="0" />
          <FullName>ImageProcessing.ImageProcessing/applyFilterGPUKernel@126</FullName>
          <Methods>
            <Method visited="false" cyclomaticComplexity="1" nPathComplexity="0" sequenceCoverage="0" branchCoverage="0" isConstructor="false" isStatic="false" isGetter="false" isSetter="false" crapScore="2">
              <Summary numSequencePoints="0" visitedSequencePoints="0" numBranchPoints="0" visitedBranchPoints="0" sequenceCoverage="0" branchCoverage="0" maxCyclomaticComplexity="1" minCyclomaticComplexity="1" visitedClasses="0" numClasses="0" visitedMethods="0" numMethods="0" minCrapScore="2" maxCrapScore="2" />
              <MetadataToken>100663400</MetadataToken>
              <Name>Microsoft.FSharp.Core.FSharpFunc`2&lt;System.Int32,Microsoft.FSharp.Core.FSharpFunc`2&lt;Brahma.FSharp.ClArray`1&lt;System.Byte&gt;,Brahma.FSharp.ClArray`1&lt;System.Byte&gt;&gt;&gt; ImageProcessing.ImageProcessing/applyFilterGPUKernel@126::Invoke(Microsoft.FSharp.Control.FSharpMailboxProcessor`1&lt;Brahma.FSharp.Msg&gt;,Brahma.FSharp.ClArray`1&lt;System.Single&gt;,System.Int32,Brahma.FSharp.ClArray`1&lt;System.Byte&gt;,System.Int32)</Name>
              <SequencePoints />
              <BranchPoints />
              <MethodPoint vc="0" uspid="100663400" ordinal="0" offset="0" />
            </Method>
          </Methods>
        </Class>
        <Class>
          <Summary numSequencePoints="5" visitedSequencePoints="0" numBranchPoints="1" visitedBranchPoints="0" sequenceCoverage="0" branchCoverage="0" maxCyclomaticComplexity="1" minCyclomaticComplexity="1" visitedClasses="0" numClasses="1" visitedMethods="0" numMethods="1" minCrapScore="2" maxCrapScore="2" />
          <FullName>ImageProcessing.ImageProcessing/applyFilterGPUKernel@126D</FullName>
          <Methods>
            <Method visited="false" cyclomaticComplexity="1" nPathComplexity="0" sequenceCoverage="0" branchCoverage="0" isConstructor="false" isStatic="false" isGetter="false" isSetter="false" crapScore="2">
              <Summary numSequencePoints="5" visitedSequencePoints="0" numBranchPoints="1" visitedBranchPoints="0" sequenceCoverage="0" branchCoverage="0" maxCyclomaticComplexity="1" minCyclomaticComplexity="1" visitedClasses="0" numClasses="0" visitedMethods="0" numMethods="1" minCrapScore="2" maxCrapScore="2" />
              <MetadataToken>100663402</MetadataToken>
              <Name>Brahma.FSharp.ClArray`1&lt;System.Byte&gt; ImageProcessing.ImageProcessing/applyFilterGPUKernel@126D::Invoke(System.Int32,Brahma.FSharp.ClArray`1&lt;System.Byte&gt;)</Name>
              <FileRef uid="3" />
              <SequencePoints>
                <SequencePoint vc="0" uspid="116" ordinal="0" offset="0" sl="127" sc="9" el="127" ec="70" bec="0" bev="0" fileid="3" />
                <SequencePoint vc="0" uspid="115" ordinal="1" offset="62" sl="128" sc="9" el="128" ec="40" bec="0" bev="0" fileid="3" />
                <SequencePoint vc="0" uspid="114" ordinal="2" offset="74" sl="129" sc="9" el="129" ec="120" bec="0" bev="0" fileid="3" />
                <SequencePoint vc="0" uspid="113" ordinal="3" offset="103" sl="130" sc="9" el="130" ec="57" bec="0" bev="0" fileid="3" />
                <SequencePoint vc="0" uspid="112" ordinal="4" offset="116" sl="131" sc="9" el="131" ec="15" bec="0" bev="0" fileid="3" />
              </SequencePoints>
              <BranchPoints />
              <MethodPoint xsi:type="SequencePoint" vc="0" uspid="116" ordinal="0" offset="0" sl="127" sc="9" el="127" ec="70" bec="0" bev="0" fileid="3" />
            </Method>
          </Methods>
        </Class>
        <Class>
          <Summary numSequencePoints="1" visitedSequencePoints="0" numBranchPoints="1" visitedBranchPoints="0" sequenceCoverage="0" branchCoverage="0" maxCyclomaticComplexity="1" minCyclomaticComplexity="1" visitedClasses="0" numClasses="1" visitedMethods="0" numMethods="1" minCrapScore="2" maxCrapScore="2" />
          <FullName>ImageProcessing.ImageProcessing/result@161</FullName>
          <Methods>
            <Method visited="false" cyclomaticComplexity="1" nPathComplexity="0" sequenceCoverage="0" branchCoverage="0" isConstructor="false" isStatic="false" isGetter="false" isSetter="false" crapScore="2">
              <Summary numSequencePoints="1" visitedSequencePoints="0" numBranchPoints="1" visitedBranchPoints="0" sequenceCoverage="0" branchCoverage="0" maxCyclomaticComplexity="1" minCyclomaticComplexity="1" visitedClasses="0" numClasses="0" visitedMethods="0" numMethods="1" minCrapScore="2" maxCrapScore="2" />
              <MetadataToken>100663404</MetadataToken>
              <Name>Brahma.FSharp.Msg ImageProcessing.ImageProcessing/result@161::Invoke(Microsoft.FSharp.Control.FSharpAsyncReplyChannel`1&lt;System.Byte[]&gt;)</Name>
              <FileRef uid="3" />
              <SequencePoints>
                <SequencePoint vc="0" uspid="117" ordinal="0" offset="0" sl="161" sc="51" el="161" ec="89" bec="0" bev="0" fileid="3" />
              </SequencePoints>
              <BranchPoints />
              <MethodPoint xsi:type="SequencePoint" vc="0" uspid="117" ordinal="0" offset="0" sl="161" sc="51" el="161" ec="89" bec="0" bev="0" fileid="3" />
            </Method>
          </Methods>
        </Class>
        <Class>
          <Summary numSequencePoints="16" visitedSequencePoints="0" numBranchPoints="3" visitedBranchPoints="0" sequenceCoverage="0" branchCoverage="0" maxCyclomaticComplexity="2" minCyclomaticComplexity="1" visitedClasses="0" numClasses="1" visitedMethods="0" numMethods="1" minCrapScore="6" maxCrapScore="6" />
          <FullName>ImageProcessing.ImageProcessing/applyFiltersGPU@137</FullName>
          <Methods>
            <Method visited="false" cyclomaticComplexity="2" nPathComplexity="2" sequenceCoverage="0" branchCoverage="0" isConstructor="false" isStatic="false" isGetter="false" isSetter="false" crapScore="6">
              <Summary numSequencePoints="16" visitedSequencePoints="0" numBranchPoints="3" visitedBranchPoints="0" sequenceCoverage="0" branchCoverage="0" maxCyclomaticComplexity="2" minCyclomaticComplexity="2" visitedClasses="0" numClasses="0" visitedMethods="0" numMethods="1" minCrapScore="6" maxCrapScore="6" />
              <MetadataToken>100663406</MetadataToken>
              <Name>ImageProcessing.ImageProcessing/Image ImageProcessing.ImageProcessing/applyFiltersGPU@137::Invoke(Microsoft.FSharp.Collections.FSharpList`1&lt;System.Single[][]&gt;,ImageProcessing.ImageProcessing/Image)</Name>
              <FileRef uid="3" />
              <SequencePoints>
                <SequencePoint vc="0" uspid="133" ordinal="0" offset="0" sl="138" sc="9" el="139" ec="79" bec="0" bev="0" fileid="3" />
                <SequencePoint vc="0" uspid="132" ordinal="1" offset="36" sl="141" sc="9" el="146" ec="14" bec="0" bev="0" fileid="3" />
                <SequencePoint vc="0" uspid="131" ordinal="2" offset="78" sl="148" sc="9" el="148" ec="12" bec="0" bev="0" fileid="3" />
                <SequencePoint vc="0" uspid="130" ordinal="3" offset="100" sl="149" sc="13" el="149" ec="45" bec="0" bev="0" fileid="3" />
                <SequencePoint vc="0" uspid="129" ordinal="4" offset="109" sl="150" sc="13" el="150" ec="52" bec="0" bev="0" fileid="3" />
                <SequencePoint vc="0" uspid="128" ordinal="5" offset="120" sl="152" sc="13" el="153" ec="108" bec="0" bev="0" fileid="3" />
                <SequencePoint vc="0" uspid="127" ordinal="6" offset="156" sl="155" sc="13" el="155" ec="33" bec="0" bev="0" fileid="3" />
                <SequencePoint vc="0" uspid="126" ordinal="7" offset="164" sl="156" sc="13" el="156" ec="85" bec="0" bev="0" fileid="3" />
                <SequencePoint vc="0" uspid="125" ordinal="8" offset="225" sl="157" sc="13" el="157" ec="31" bec="0" bev="0" fileid="3" />
                <SequencePoint vc="0" uspid="124" ordinal="9" offset="228" sl="158" sc="13" el="158" ec="51" bec="0" bev="0" fileid="3" />
                <SequencePoint vc="0" uspid="123" ordinal="10" offset="256" sl="148" sc="20" el="148" ec="22" bec="2" bev="0" fileid="3" />
                <SequencePoint vc="0" uspid="122" ordinal="11" offset="262" sl="160" sc="9" el="160" ec="63" bec="0" bev="0" fileid="3" />
                <SequencePoint vc="0" uspid="121" ordinal="12" offset="284" sl="161" sc="9" el="161" ec="90" bec="0" bev="0" fileid="3" />
                <SequencePoint vc="0" uspid="120" ordinal="13" offset="306" sl="162" sc="9" el="162" ec="44" bec="0" bev="0" fileid="3" />
                <SequencePoint vc="0" uspid="119" ordinal="14" offset="329" sl="163" sc="9" el="163" ec="45" bec="0" bev="0" fileid="3" />
                <SequencePoint vc="0" uspid="118" ordinal="15" offset="347" sl="164" sc="9" el="164" ec="55" bec="0" bev="0" fileid="3" />
              </SequencePoints>
              <BranchPoints>
                <BranchPoint vc="0" uspid="34" ordinal="0" offset="257" sl="148" path="0" offsetend="262" fileid="3" />
                <BranchPoint vc="0" uspid="35" ordinal="1" offset="257" sl="148" path="1" offsetend="92" fileid="3" />
              </BranchPoints>
              <MethodPoint xsi:type="SequencePoint" vc="0" uspid="133" ordinal="0" offset="0" sl="138" sc="9" el="139" ec="79" bec="0" bev="0" fileid="3" />
            </Method>
          </Methods>
        </Class>
        <Class>
          <Summary numSequencePoints="5" visitedSequencePoints="0" numBranchPoints="9" visitedBranchPoints="0" sequenceCoverage="0" branchCoverage="0" maxCyclomaticComplexity="9" minCyclomaticComplexity="1" visitedClasses="0" numClasses="1" visitedMethods="0" numMethods="1" minCrapScore="90" maxCrapScore="90" />
          <FullName>&lt;StartupCode$ImageProcessing&gt;.$ImageProcessing.ImageProcessing</FullName>
          <Methods>
            <Method visited="false" cyclomaticComplexity="9" nPathComplexity="16" sequenceCoverage="0" branchCoverage="0" isConstructor="true" isStatic="true" isGetter="false" isSetter="false" crapScore="90">
              <Summary numSequencePoints="5" visitedSequencePoints="0" numBranchPoints="9" visitedBranchPoints="0" sequenceCoverage="0" branchCoverage="0" maxCyclomaticComplexity="9" minCyclomaticComplexity="9" visitedClasses="0" numClasses="0" visitedMethods="0" numMethods="1" minCrapScore="90" maxCrapScore="90" />
              <MetadataToken>100663407</MetadataToken>
              <Name>System.Void &lt;StartupCode$ImageProcessing&gt;.$ImageProcessing.ImageProcessing::.cctor()</Name>
              <FileRef uid="3" />
              <SequencePoints>
                <SequencePoint vc="0" uspid="138" ordinal="0" offset="0" sl="61" sc="5" el="67" ec="7" bec="0" bev="0" fileid="3" />
                <SequencePoint vc="0" uspid="137" ordinal="1" offset="281" sl="68" sc="8" el="68" ec="61" bec="4" bev="0" fileid="3" />
                <SequencePoint vc="0" uspid="136" ordinal="2" offset="378" sl="68" sc="39" el="68" ec="59" bec="4" bev="0" fileid="3" />
                <SequencePoint vc="0" uspid="135" ordinal="3" offset="443" sl="71" sc="5" el="77" ec="7" bec="0" bev="0" fileid="3" />
                <SequencePoint vc="0" uspid="134" ordinal="4" offset="716" sl="78" sc="8" el="78" ec="37" bec="0" bev="0" fileid="3" />
              </SequencePoints>
              <BranchPoints>
                <BranchPoint vc="0" uspid="36" ordinal="0" offset="284" sl="68" path="0" offsetend="286" fileid="3" />
                <BranchPoint vc="0" uspid="37" ordinal="1" offset="284" sl="68" path="1" offsetchain="297" offsetend="423" fileid="3" />
                <BranchPoint vc="0" uspid="38" ordinal="2" offset="329" sl="68" path="0" offsetend="331" fileid="3" />
                <BranchPoint vc="0" uspid="39" ordinal="3" offset="329" sl="68" path="1" offsetchain="342" offsetend="398" fileid="3" />
                <BranchPoint vc="0" uspid="40" ordinal="4" offset="404" sl="68" path="0" offsetend="406" fileid="3" />
                <BranchPoint vc="0" uspid="41" ordinal="5" offset="404" sl="68" path="1" offsetend="363" fileid="3" />
                <BranchPoint vc="0" uspid="42" ordinal="6" offset="429" sl="68" path="0" offsetend="434" fileid="3" />
                <BranchPoint vc="0" uspid="43" ordinal="7" offset="429" sl="68" path="1" offsetend="313" fileid="3" />
              </BranchPoints>
              <MethodPoint xsi:type="SequencePoint" vc="0" uspid="138" ordinal="0" offset="0" sl="61" sc="5" el="67" ec="7" bec="0" bev="0" fileid="3" />
            </Method>
          </Methods>
        </Class>
      </Classes>
    </Module>
  </Modules>
</CoverageSession>